[1740855261.869][INFO]: Starting ChromeDriver 133.0.6943.141 (2a5d6da0d6165d7b107502095a937fe7704fcef6-refs/branch-heads/6943@{#1912}) on port 38521
[1740855261.869][INFO]: Please see https://chromedriver.chromium.org/security-considerations for suggestions on keeping ChromeDriver safe.
[1740855261.872][INFO]: ChromeDriver was started successfully on port 38521
[1740855261.949][INFO]: [e820907482ca7ee84a59485d877581ab] COMMAND InitSession {
   "capabilities": {
      "firstMatch": [ {
         "browserName": "chrome",
         "goog:chromeOptions": {
            "args": [ "--remote-allow-origins=*" ],
            "binary": "C:\\Program Files\\Google\\Chrome\\Application\\chrome.exe",
            "extensions": [  ]
         },
         "goog:loggingPrefs": {
            "browser": "ALL",
            "driver": "ALL"
         }
      } ]
   }
}
[1740855261.950][INFO]: Populating Preferences file: {
   "alternate_error_pages": {
      "enabled": false
   },
   "autofill": {
      "enabled": false
   },
   "browser": {
      "check_default_browser": false
   },
   "distribution": {
      "import_bookmarks": false,
      "import_history": false,
      "import_search_engine": false,
      "make_chrome_default_for_user": false,
      "skip_first_run_ui": true
   },
   "dns_prefetching": {
      "enabled": false
   },
   "profile": {
      "content_settings": {
         "pattern_pairs": {
            "https://*,*": {
               "media-stream": {
                  "audio": "Default",
                  "video": "Default"
               }
            }
         }
      },
      "default_content_setting_values": {
         "geolocation": 1
      },
      "default_content_settings": {
         "geolocation": 1,
         "mouselock": 1,
         "notifications": 1,
         "popups": 1,
         "ppapi-broker": 1
      },
      "password_manager_enabled": false
   },
   "safebrowsing": {
      "enabled": false
   },
   "search": {
      "suggest_enabled": false
   },
   "translate": {
      "enabled": false
   }
}
[1740855261.951][INFO]: Populating Local State file: {
   "background_mode": {
      "enabled": false
   },
   "ssl": {
      "rev_checking": {
         "enabled": false
      }
   }
}
[1740855261.952][INFO]: ChromeDriver supports communication with Chrome via pipes. This is more reliable and more secure.
[1740855261.952][INFO]: Use the --remote-debugging-pipe Chrome switch instead of the default --remote-debugging-port to enable this communication mode.
[1740855261.952][INFO]: Launching chrome: "C:\Program Files\Google\Chrome\Application\chrome.exe" --allow-pre-commit-input --disable-background-networking --disable-backgrounding-occluded-windows --disable-client-side-phishing-detection --disable-default-apps --disable-hang-monitor --disable-popup-blocking --disable-prompt-on-repost --disable-sync --enable-automation --enable-logging --log-level=0 --no-first-run --no-service-autorun --password-store=basic --remote-allow-origins=* --remote-debugging-port=0 --test-type=webdriver --use-mock-keychain --user-data-dir="C:\Users\Nandu\AppData\Local\Temp\scoped_dir28300_683559329" data:,
[1740855262.473][INFO]: resolved localhost to ["::1","127.0.0.1"]
[1740855262.476][INFO]: [e820907482ca7ee84a59485d877581ab] RESPONSE InitSession {
   "capabilities": {
      "acceptInsecureCerts": false,
      "browserName": "chrome",
      "browserVersion": "133.0.6943.142",
      "chrome": {
         "chromedriverVersion": "133.0.6943.141 (2a5d6da0d6165d7b107502095a937fe7704fcef6-refs/branch-heads/6943@{#1912})",
         "userDataDir": "C:\\Users\\Nandu\\AppData\\Local\\Temp\\scoped_dir28300_683559329"
      },
      "fedcm:accounts": true,
      "goog:chromeOptions": {
         "debuggerAddress": "localhost:52405"
      },
      "networkConnectionEnabled": false,
      "pageLoadStrategy": "normal",
      "platformName": "windows",
      "proxy": {
      },
      "setWindowRect": true,
      "strictFileInteractability": false,
      "timeouts": {
         "implicit": 0,
         "pageLoad": 300000,
         "script": 30000
      },
      "unhandledPromptBehavior": "dismiss and notify",
      "webauthn:extension:credBlob": true,
      "webauthn:extension:largeBlob": true,
      "webauthn:extension:minPinLength": true,
      "webauthn:extension:prf": true,
      "webauthn:virtualAuthenticators": true
   },
   "sessionId": "e820907482ca7ee84a59485d877581ab"
}
[1740855262.556][INFO]: [e820907482ca7ee84a59485d877581ab] COMMAND MaximizeWindow {
}
[1740855262.556][INFO]: Waiting for pending navigations...
[1740855262.558][INFO]: Done waiting for pending navigations. Status: ok
[1740855262.577][INFO]: Waiting for pending navigations...
[1740855262.578][INFO]: Done waiting for pending navigations. Status: ok
[1740855262.578][INFO]: [e820907482ca7ee84a59485d877581ab] RESPONSE MaximizeWindow {
   "height": 832,
   "width": 1552,
   "x": -8,
   "y": -8
}
[1740855262.586][INFO]: [e820907482ca7ee84a59485d877581ab] COMMAND Navigate {
   "url": "https://www.youtube.com"
}
[1740855262.586][INFO]: Waiting for pending navigations...
[1740855262.587][INFO]: Done waiting for pending navigations. Status: ok
[1740855262.860][INFO]: Waiting for pending navigations...
[1740855267.300][INFO]: Done waiting for pending navigations. Status: ok
[1740855267.300][INFO]: [e820907482ca7ee84a59485d877581ab] RESPONSE Navigate
[1740855267.307][INFO]: [e820907482ca7ee84a59485d877581ab] COMMAND ExecuteScript {
   "args": [  ],
   "script": "return document.readyState"
}
[1740855267.307][INFO]: Waiting for pending navigations...
[1740855267.307][INFO]: Done waiting for pending navigations. Status: ok
[1740855267.310][INFO]: Waiting for pending navigations...
[1740855267.310][INFO]: Done waiting for pending navigations. Status: ok
[1740855267.310][INFO]: [e820907482ca7ee84a59485d877581ab] RESPONSE ExecuteScript "complete"
[1740855267.313][INFO]: [e820907482ca7ee84a59485d877581ab] COMMAND GetUrl {
}
[1740855267.313][INFO]: Waiting for pending navigations...
[1740855267.313][INFO]: Done waiting for pending navigations. Status: ok
[1740855267.315][INFO]: Waiting for pending navigations...
[1740855267.315][INFO]: Done waiting for pending navigations. Status: ok
[1740855267.315][INFO]: [e820907482ca7ee84a59485d877581ab] RESPONSE GetUrl "https://www.youtube.com/"
[1740855267.321][INFO]: [e820907482ca7ee84a59485d877581ab] COMMAND FindElement {
   "using": "xpath",
   "value": "//a[@href = 'https://www.youtube.com/about/']"
}
[1740855267.321][INFO]: Waiting for pending navigations...
[1740855267.322][INFO]: Done waiting for pending navigations. Status: ok
[1740855267.329][INFO]: Waiting for pending navigations...
[1740855267.331][INFO]: Done waiting for pending navigations. Status: ok
[1740855267.331][INFO]: [e820907482ca7ee84a59485d877581ab] RESPONSE FindElement {
   "element-6066-11e4-a52e-4f735466cecf": "f.C6E1BA738B99F7934109FCD2DAEDF339.d.E3D25A9628F2218932B566696E431DC5.e.28"
}
[1740855267.335][INFO]: [e820907482ca7ee84a59485d877581ab] COMMAND ClickElement {
   "id": "f.C6E1BA738B99F7934109FCD2DAEDF339.d.E3D25A9628F2218932B566696E431DC5.e.28"
}
[1740855267.335][INFO]: Waiting for pending navigations...
[1740855267.335][INFO]: Done waiting for pending navigations. Status: ok
[1740855267.411][INFO]: Waiting for pending navigations...
[1740855268.998][INFO]: Done waiting for pending navigations. Status: ok
[1740855268.998][INFO]: [e820907482ca7ee84a59485d877581ab] RESPONSE ClickElement
[1740855269.000][INFO]: [e820907482ca7ee84a59485d877581ab] COMMAND FindElement {
   "using": "xpath",
   "value": "//section[@class = 'ytabout__content']"
}
[1740855269.000][INFO]: Waiting for pending navigations...
[1740855269.001][INFO]: Done waiting for pending navigations. Status: ok
[1740855269.007][INFO]: Waiting for pending navigations...
[1740855269.007][INFO]: Done waiting for pending navigations. Status: ok
[1740855269.007][INFO]: [e820907482ca7ee84a59485d877581ab] RESPONSE FindElement {
   "element-6066-11e4-a52e-4f735466cecf": "f.C6E1BA738B99F7934109FCD2DAEDF339.d.3C69F513ED310A08F55BDC505CF81D6E.e.2"
}
[1740855269.009][INFO]: [e820907482ca7ee84a59485d877581ab] COMMAND GetElementText {
   "id": "f.C6E1BA738B99F7934109FCD2DAEDF339.d.3C69F513ED310A08F55BDC505CF81D6E.e.2"
}
[1740855269.009][INFO]: Waiting for pending navigations...
[1740855269.010][INFO]: Done waiting for pending navigations. Status: ok
[1740855269.017][INFO]: Waiting for pending navigations...
[1740855269.018][INFO]: Done waiting for pending navigations. Status: ok
[1740855269.018][INFO]: [e820907482ca7ee84a59485d877581ab] RESPONSE GetElementText "About YouTube\nOur mission is to give everyone a voice and show them the world.\nWe believe that everyone deserves to have a voice, and that the world is a better place when we listen, share and buil..."
[1740855269.021][INFO]: [e820907482ca7ee84a59485d877581ab] COMMAND Navigate {
   "url": "https://www.youtube.com"
}
[1740855269.021][INFO]: Waiting for pending navigations...
[1740855269.021][INFO]: Done waiting for pending navigations. Status: ok
[1740855269.124][INFO]: Waiting for pending navigations...
[1740855269.647][INFO]: Done waiting for pending navigations. Status: ok
[1740855269.647][INFO]: [e820907482ca7ee84a59485d877581ab] RESPONSE Navigate
[1740855269.650][INFO]: [e820907482ca7ee84a59485d877581ab] COMMAND ExecuteScript {
   "args": [  ],
   "script": "return document.readyState"
}
[1740855269.650][INFO]: Waiting for pending navigations...
[1740855269.650][INFO]: Done waiting for pending navigations. Status: ok
[1740855269.653][INFO]: Waiting for pending navigations...
[1740855269.653][INFO]: Done waiting for pending navigations. Status: ok
[1740855269.653][INFO]: [e820907482ca7ee84a59485d877581ab] RESPONSE ExecuteScript "complete"
[1740855269.656][INFO]: [e820907482ca7ee84a59485d877581ab] COMMAND FindElement {
   "using": "xpath",
   "value": "//a[@href='/feed/storefront?bp=ogUCKAU%3D']"
}
[1740855269.656][INFO]: Waiting for pending navigations...
[1740855269.657][INFO]: Done waiting for pending navigations. Status: ok
[1740855269.663][INFO]: Waiting for pending navigations...
[1740855269.664][INFO]: Done waiting for pending navigations. Status: ok
[1740855269.664][INFO]: [e820907482ca7ee84a59485d877581ab] RESPONSE FindElement ERROR no such element: Unable to locate element: {"method":"xpath","selector":"//a[@href='/feed/storefront?bp=ogUCKAU%3D']"}
  (Session info: chrome=133.0.6943.142)
[1740855269.670][INFO]: [e820907482ca7ee84a59485d877581ab] COMMAND FindElements {
   "using": "xpath",
   "value": "//div[@id='items']//ytd-grid-movie-renderer"
}
[1740855269.670][INFO]: Waiting for pending navigations...
[1740855269.670][INFO]: Done waiting for pending navigations. Status: ok
[1740855269.676][INFO]: Waiting for pending navigations...
[1740855269.677][INFO]: Done waiting for pending navigations. Status: ok
[1740855269.677][INFO]: [e820907482ca7ee84a59485d877581ab] RESPONSE FindElements [  ]
[1740855269.680][INFO]: [e820907482ca7ee84a59485d877581ab] COMMAND Navigate {
   "url": "https://www.youtube.com"
}
[1740855269.680][INFO]: Waiting for pending navigations...
[1740855269.681][INFO]: Done waiting for pending navigations. Status: ok
[1740855269.809][INFO]: Waiting for pending navigations...
[1740855270.423][INFO]: Done waiting for pending navigations. Status: ok
[1740855270.423][INFO]: [e820907482ca7ee84a59485d877581ab] RESPONSE Navigate
[1740855270.427][INFO]: [e820907482ca7ee84a59485d877581ab] COMMAND ExecuteScript {
   "args": [  ],
   "script": "return document.readyState"
}
[1740855270.427][INFO]: Waiting for pending navigations...
[1740855270.472][INFO]: Done waiting for pending navigations. Status: ok
[1740855270.529][INFO]: Waiting for pending navigations...
[1740855270.536][INFO]: Done waiting for pending navigations. Status: ok
[1740855270.536][INFO]: [e820907482ca7ee84a59485d877581ab] RESPONSE ExecuteScript "complete"
[1740855270.539][INFO]: [e820907482ca7ee84a59485d877581ab] COMMAND FindElement {
   "using": "xpath",
   "value": "//a[@title=\"Music\"]"
}
[1740855270.539][INFO]: Waiting for pending navigations...
[1740855270.543][INFO]: Done waiting for pending navigations. Status: ok
[1740855270.555][INFO]: Waiting for pending navigations...
[1740855270.558][INFO]: Done waiting for pending navigations. Status: ok
[1740855270.558][INFO]: [e820907482ca7ee84a59485d877581ab] RESPONSE FindElement {
   "element-6066-11e4-a52e-4f735466cecf": "f.C6E1BA738B99F7934109FCD2DAEDF339.d.7DCE8F983D7AE94F82FC6D23DD942985.e.27"
}
[1740855270.564][INFO]: [e820907482ca7ee84a59485d877581ab] COMMAND ExecuteScript {
   "args": [ {
      "element-6066-11e4-a52e-4f735466cecf": "f.C6E1BA738B99F7934109FCD2DAEDF339.d.7DCE8F983D7AE94F82FC6D23DD942985.e.27"
   } ],
   "script": "/* isDisplayed */return (function(){return (function(){var g=this||self;\nfunction aa(a){var b=typeof a;if(\"object\"==b)if(a){if(a instanceof Array)return\"array\";if(a instanceof Object)return b;var c=Object.prototype.toString.call(a);if(\"[object Window]\"==c)return\"object\";if(\"[object Array]\"==c||\"number\"==typeof a.length&&\"undefined\"!=typeof a.splice&&\"undefined\"!=typeof a.propertyIsEnumerable&&!a.propertyIsEnumerable(\"splice\"))return\"array\";if(\"[object Function]\"==c||\"undefined\"!=typeof a.call&&\"undefined\"!=typeof a.propertyIsEnumerable&&!a.propertyIsEnumerable(\"call\"))return\"function\"}else return\"null\";else if(\"function\"==\nb&&\"undefined\"==typeof a.call)return\"object\";return b}function ca(a,b){function c(){}c.prototype=b.prototype;a.prototype=new c;a.prototype.constructor=a};var da=Array.prototype.indexOf?function(a,b){return Array.prototype.indexOf.call(a,b,void 0)}:function(a,b){if(\"string\"===typeof a)return\"string\"!==typeof b||1!=b.length?-1:a.indexOf(b,0);for(var c=0;c\u003Ca.length;c++)if(c in a&&a[c]===b)return c;return-1},ea=Array.prototype.some?function(a,b){return Array.prototype.some.call(a,b,void 0)}:function(a,b){for(var c=a.length,e=\"string\"===typeof a?a.split(\"\"):a,d=0;d\u003Cc;d++)if(d in e&&b.call(void 0,e[d],d,a))return!0;return!1},fa=Array.prototype.every?function(a,\nb){return Array.prototype.every.call(a,b,void 0)}:function(a,b){for(var c=a.length,e=\"string\"===typeof a?a.split(\"\"):a,d=0;d\u003Cc;d++)if(d in e&&!b.call(void 0,e[d],d,a))return!1;return!0};var ha={aliceblue:\"#f0f8ff\",antiquewhite:\"#faebd7\",aqua:\"#00ffff\",aquamarine:\"#7fffd4\",azure:\"#f0ffff\",beige:\"#f5f5dc\",bisque:\"#ffe4c4\",black:\"#000000\",blanchedalmond:\"#ffebcd\",blue:\"#0000ff\",blueviolet:\"#8a2be2\",brown:\"#a52a2a\",burlywood:\"#deb887\",cadetblue:\"#5f9ea0\",chartreuse:\"#7fff00\",chocolate:\"#d2691e\",coral:\"#ff7f50\",cornflowerblue:\"#6495ed\",cornsilk:\"#fff8dc\",crimson:\"#dc143c\",cyan:\"#00ffff\",darkblue:\"#00008b\",darkcyan:\"#008b8b\",darkgoldenrod:\"#b8860b\",darkgray:\"#a9a9a9\",darkgreen:\"#006400\",\ndarkgrey:\"#a9a9a9\",darkkhaki:\"#bdb76b\",darkmagenta:\"#8b008b\",darkolivegreen:\"#556b2f\",darkorange:\"#ff8c00\",darkorchid:\"#9932cc\",darkred:\"#8b0000\",darksalmon:\"#e9967a\",darkseagreen:\"#8fbc8f\",darkslateblue:\"#483d8b\",darkslategray:\"#2f4f4f\",darkslategrey:\"#2f4f4f\",darkturquoise:\"#00ced1\",darkviolet:\"#9400d3\",deeppink:\"#ff1493\",deepskyblue:\"#00bfff\",dimgray:\"#696969\",dimgrey:\"#696969\",dodgerblue:\"#1e90ff\",firebrick:\"#b22222\",floralwhite:\"#fffaf0\",forestgreen:\"#228b22\",fuchsia:\"#ff00ff\",gainsboro:\"#dcdcdc\",\nghostwhite:\"#f8f8ff\",gold:\"#ffd700\",goldenrod:\"#daa520\",gray:\"#808080\",green:\"#008000\",greenyellow:\"#adff2f\",grey:\"#808080\",honeydew:\"#f0fff0\",hotpink:\"#ff69b4\",indianred:\"#cd5c5c\",indigo:\"#4b0082\",ivory:\"#fffff0\",khaki:\"#f0e68c\",lavender:\"#e6e6fa\",lavenderblush:\"#fff0f5\",lawngreen:\"#7cfc00\",lemonchiffon:\"#fffacd\",lightblue:\"#add8e6\",lightcoral:\"#f08080\",lightcyan:\"#e0ffff\",lightgoldenrodyellow:\"#fafad2\",lightgray:\"#d3d3d3\",lightgreen:\"#90ee90\",lightgrey:\"#d3d3d3\",lightpink:\"#ffb6c1\",lightsalmon:\"#ffa07a\",\nlightseagreen:\"#20b2aa\",lightskyblue:\"#87cefa\",lightslategray:\"#778899\",lightslategrey:\"#778899\",lightsteelblue:\"#b0c4de\",lightyellow:\"#ffffe0\",lime:\"#00ff00\",limegreen:\"#32cd32\",linen:\"#faf0e6\",magenta:\"#ff00ff\",maroon:\"#800000\",mediumaquamarine:\"#66cdaa\",mediumblue:\"#0000cd\",mediumorchid:\"#ba55d3\",mediumpurple:\"#9370db\",mediumseagreen:\"#3cb371\",mediumslateblue:\"#7b68ee\",mediumspringgreen:\"#00fa9a\",mediumturquoise:\"#48d1cc\",mediumvioletred:\"#c71585\",midnightblue:\"#191970\",mintcream:\"#f5fffa\",mistyrose:\"#ffe4e1\",\nmoccasin:\"#ffe4b5\",navajowhite:\"#ffdead\",navy:\"#000080\",oldlace:\"#fdf5e6\",olive:\"#808000\",olivedrab:\"#6b8e23\",orange:\"#ffa500\",orangered:\"#ff4500\",orchid:\"#da70d6\",palegoldenrod:\"#eee8aa\",palegreen:\"#98fb98\",paleturquoise:\"#afeeee\",palevioletred:\"#db7093\",papayawhip:\"#ffefd5\",peachpuff:\"#ffdab9\",peru:\"#cd853f\",pink:\"#ffc0cb\",plum:\"#dda0dd\",powderblue:\"#b0e0e6\",purple:\"#800080\",red:\"#ff0000\",rosybrown:\"#bc8f8f\",royalblue:\"#4169e1\",saddlebrown:\"#8b4513\",salmon:\"#fa8072\",sandybrown:\"#f4a460\",seagreen:\"#2e8b57\",\nseashell:\"#fff5ee\",sienna:\"#a0522d\",silver:\"#c0c0c0\",skyblue:\"#87ceeb\",slateblue:\"#6a5acd\",slategray:\"#708090\",slategrey:\"#708090\",snow:\"#fffafa\",springgreen:\"#00ff7f\",steelblue:\"#4682b4\",tan:\"#d2b48c\",teal:\"#008080\",thistle:\"#d8bfd8\",tomato:\"#ff6347\",turquoise:\"#40e0d0\",violet:\"#ee82ee\",wheat:\"#f5deb3\",white:\"#ffffff\",whitesmoke:\"#f5f5f5\",yellow:\"#ffff00\",yellowgreen:\"#9acd32\"};var ia=\"backgroundColor borderTopColor borderRightColor borderBottomColor borderLeftColor color outlineColor\".split(\" \"),ja=/#([0-9a-fA-F])([0-9a-fA-F])([0-9a-fA-F])/,ka=/^#(?:[0-9a-f]{3}){1,2}$/i,la=/^(?:rgba)?\\((\\d{1,3}),\\s?(\\d{1,3}),\\s?(\\d{1,3}),\\s?(0|1|0\\.\\d*)\\)$/i,ma=/^(?:rgb)?\\((0|[1-9]\\d{0,2}),\\s?(0|[1-9]\\d{0,2}),\\s?(0|[1-9]\\d{0,2})\\)$/i;function m(a,b){this.code=a;this.a=p[a]||r;this.message=b||\"\";a=this.a.replace(/((?:^|\\s+)[a-z])/g,function(c){return c.toUpperCase().replace(/^[\\s\\xa0]+/g,\"\")});b=a.length-5;if(0>b||a.indexOf(\"Error\",b)!=b)a+=\"Error\";this.name=a;a=Error(this.message);a.name=this.name;this.stack=a.stack||\"\"}ca(m,Error);var r=\"unknown error\",p={15:\"element not selectable\",11:\"element not visible\"};p[31]=r;p[30]=r;p[24]=\"invalid cookie domain\";p[29]=\"invalid element coordinates\";p[12]=\"invalid element state\";\np[32]=\"invalid selector\";p[51]=\"invalid selector\";p[52]=\"invalid selector\";p[17]=\"javascript error\";p[405]=\"unsupported operation\";p[34]=\"move target out of bounds\";p[27]=\"no such alert\";p[7]=\"no such element\";p[8]=\"no such frame\";p[23]=\"no such window\";p[28]=\"script timeout\";p[33]=\"session not created\";p[10]=\"stale element reference\";p[21]=\"timeout\";p[25]=\"unable to set cookie\";p[26]=\"unexpected alert open\";p[13]=r;p[9]=\"unknown command\";var u=String.prototype.trim?function(a){return a.trim()}:function(a){return/^[\\s\\xa0]*([\\s\\S]*?)[\\s\\xa0]*$/.exec(a)[1]};\nfunction na(a,b){var c=0;a=u(String(a)).split(\".\");b=u(String(b)).split(\".\");for(var e=Math.max(a.length,b.length),d=0;0==c&&d\u003Ce;d++){var f=a[d]||\"\",h=b[d]||\"\";do{f=/(\\d*)(\\D*)(.*)/.exec(f)||[\"\",\"\",\"\",\"\"];h=/(\\d*)(\\D*)(.*)/.exec(h)||[\"\",\"\",\"\",\"\"];if(0==f[0].length&&0==h[0].length)break;c=v(0==f[1].length?0:parseInt(f[1],10),0==h[1].length?0:parseInt(h[1],10))||v(0==f[2].length,0==h[2].length)||v(f[2],h[2]);f=f[3];h=h[3]}while(0==c)}return c}function v(a,b){return a\u003Cb?-1:a>b?1:0};var w;a:{var oa=g.navigator;if(oa){var sa=oa.userAgent;if(sa){w=sa;break a}}w=\"\"}function x(a){return-1!=w.indexOf(a)};function y(){return x(\"Firefox\")||x(\"FxiOS\")}function A(){return(x(\"Chrome\")||x(\"CriOS\"))&&!x(\"Edge\")};function ta(a){return String(a).replace(/\\-([a-z])/g,function(b,c){return c.toUpperCase()})};function B(){return x(\"iPhone\")&&!x(\"iPod\")&&!x(\"iPad\")};function ua(a,b){var c=va;return Object.prototype.hasOwnProperty.call(c,a)?c[a]:c[a]=b(a)};var wa=x(\"Opera\"),C=x(\"Trident\")||x(\"MSIE\"),xa=x(\"Edge\"),ya=x(\"Gecko\")&&!(-1!=w.toLowerCase().indexOf(\"webkit\")&&!x(\"Edge\"))&&!(x(\"Trident\")||x(\"MSIE\"))&&!x(\"Edge\"),za=-1!=w.toLowerCase().indexOf(\"webkit\")&&!x(\"Edge\");function Aa(){var a=g.document;return a?a.documentMode:void 0}var E;\na:{var F=\"\",G=function(){var a=w;if(ya)return/rv:([^\\);]+)(\\)|;)/.exec(a);if(xa)return/Edge\\/([\\d\\.]+)/.exec(a);if(C)return/\\b(?:MSIE|rv)[: ]([^\\);]+)(\\)|;)/.exec(a);if(za)return/WebKit\\/(\\S+)/.exec(a);if(wa)return/(?:Version)[ \\/]?(\\S+)/.exec(a)}();G&&(F=G?G[1]:\"\");if(C){var H=Aa();if(null!=H&&H>parseFloat(F)){E=String(H);break a}}E=F}var va={};function Ba(a){return ua(a,function(){return 0\u003C=na(E,a)})}var I;I=g.document&&C?Aa():void 0;var Ca=y(),Da=B()||x(\"iPod\"),Ea=x(\"iPad\"),Fa=x(\"Android\")&&!(A()||y()||x(\"Opera\")||x(\"Silk\")),Ga=A(),Ha=x(\"Safari\")&&!(A()||x(\"Coast\")||x(\"Opera\")||x(\"Edge\")||x(\"Edg/\")||x(\"OPR\")||y()||x(\"Silk\")||x(\"Android\"))&&!(B()||x(\"iPad\")||x(\"iPod\"));function J(a){return(a=a.exec(w))?a[1]:\"\"}(function(){if(Ca)return J(/Firefox\\/([0-9.]+)/);if(C||xa||wa)return E;if(Ga)return B()||x(\"iPad\")||x(\"iPod\")?J(/CriOS\\/([0-9.]+)/):J(/Chrome\\/([0-9.]+)/);if(Ha&&!(B()||x(\"iPad\")||x(\"iPod\")))return J(/Version\\/([0-9.]+)/);if(Da||Ea){var a=/Version\\/(\\S+).*Mobile\\/(\\S+)/.exec(w);if(a)return a[1]+\".\"+a[2]}else if(Fa)return(a=J(/Android\\s+([0-9.]+)/))?a:J(/Version\\/([0-9.]+)/);return\"\"})();var K;if(K=C)K=!(9\u003C=Number(I));var Ia=K;function L(a,b){this.x=void 0!==a?a:0;this.y=void 0!==b?b:0}L.prototype.ceil=function(){this.x=Math.ceil(this.x);this.y=Math.ceil(this.y);return this};L.prototype.floor=function(){this.x=Math.floor(this.x);this.y=Math.floor(this.y);return this};L.prototype.round=function(){this.x=Math.round(this.x);this.y=Math.round(this.y);return this};function M(a,b){this.width=a;this.height=b}M.prototype.aspectRatio=function(){return this.width/this.height};M.prototype.ceil=function(){this.width=Math.ceil(this.width);this.height=Math.ceil(this.height);return this};M.prototype.floor=function(){this.width=Math.floor(this.width);this.height=Math.floor(this.height);return this};M.prototype.round=function(){this.width=Math.round(this.width);this.height=Math.round(this.height);return this};function N(a){return 9==a.nodeType?a:a.ownerDocument||a.document}function Ja(a,b){a&&(a=a.parentNode);for(var c=0;a;){if(b(a))return a;a=a.parentNode;c++}return null}function Ka(a){this.a=a||g.document||document};function P(a,b){b&&\"string\"!==typeof b&&(b=b.toString());return!!a&&1==a.nodeType&&(!b||a.tagName.toUpperCase()==b)};function Q(a,b,c,e){this.f=a;this.a=b;this.b=c;this.c=e}Q.prototype.ceil=function(){this.f=Math.ceil(this.f);this.a=Math.ceil(this.a);this.b=Math.ceil(this.b);this.c=Math.ceil(this.c);return this};Q.prototype.floor=function(){this.f=Math.floor(this.f);this.a=Math.floor(this.a);this.b=Math.floor(this.b);this.c=Math.floor(this.c);return this};Q.prototype.round=function(){this.f=Math.round(this.f);this.a=Math.round(this.a);this.b=Math.round(this.b);this.c=Math.round(this.c);return this};function R(a,b,c,e){this.a=a;this.b=b;this.width=c;this.height=e}R.prototype.ceil=function(){this.a=Math.ceil(this.a);this.b=Math.ceil(this.b);this.width=Math.ceil(this.width);this.height=Math.ceil(this.height);return this};R.prototype.floor=function(){this.a=Math.floor(this.a);this.b=Math.floor(this.b);this.width=Math.floor(this.width);this.height=Math.floor(this.height);return this};\nR.prototype.round=function(){this.a=Math.round(this.a);this.b=Math.round(this.b);this.width=Math.round(this.width);this.height=Math.round(this.height);return this};var La=\"function\"===typeof ShadowRoot;function S(a){for(a=a.parentNode;a&&1!=a.nodeType&&9!=a.nodeType&&11!=a.nodeType;)a=a.parentNode;return P(a)?a:null}\nfunction T(a,b){b=ta(b);if(\"float\"==b||\"cssFloat\"==b||\"styleFloat\"==b)b=Ia?\"styleFloat\":\"cssFloat\";a:{var c=b;var e=N(a);if(e.defaultView&&e.defaultView.getComputedStyle&&(e=e.defaultView.getComputedStyle(a,null))){c=e[c]||e.getPropertyValue(c)||\"\";break a}c=\"\"}a=c||Ma(a,b);if(null===a)a=null;else if(0\u003C=da(ia,b)){b:{var d=a.match(la);if(d&&(b=Number(d[1]),c=Number(d[2]),e=Number(d[3]),d=Number(d[4]),0\u003C=b&&255>=b&&0\u003C=c&&255>=c&&0\u003C=e&&255>=e&&0\u003C=d&&1>=d)){b=[b,c,e,d];break b}b=null}if(!b)b:{if(e=a.match(ma))if(b=\nNumber(e[1]),c=Number(e[2]),e=Number(e[3]),0\u003C=b&&255>=b&&0\u003C=c&&255>=c&&0\u003C=e&&255>=e){b=[b,c,e,1];break b}b=null}if(!b)b:{b=a.toLowerCase();c=ha[b.toLowerCase()];if(!c&&(c=\"#\"==b.charAt(0)?b:\"#\"+b,4==c.length&&(c=c.replace(ja,\"#$1$1$2$2$3$3\")),!ka.test(c))){b=null;break b}b=[parseInt(c.substr(1,2),16),parseInt(c.substr(3,2),16),parseInt(c.substr(5,2),16),1]}a=b?\"rgba(\"+b.join(\", \")+\")\":a}return a}\nfunction Ma(a,b){var c=a.currentStyle||a.style,e=c[b];void 0===e&&\"function\"==aa(c.getPropertyValue)&&(e=c.getPropertyValue(b));return\"inherit\"!=e?void 0!==e?e:null:(a=S(a))?Ma(a,b):null}\nfunction U(a,b,c){function e(h){var n=V(h);return 0\u003Cn.height&&0\u003Cn.width?!0:P(h,\"PATH\")&&(0\u003Cn.height||0\u003Cn.width)?(h=T(h,\"stroke-width\"),!!h&&0\u003CparseInt(h,10)):\"hidden\"!=T(h,\"overflow\")&&ea(h.childNodes,function(D){return 3==D.nodeType||P(D)&&e(D)})}function d(h){return Na(h)==W&&fa(h.childNodes,function(n){return!P(n)||d(n)||!e(n)})}if(!P(a))throw Error(\"Argument to isShown must be of type Element\");if(P(a,\"BODY\"))return!0;if(P(a,\"OPTION\")||P(a,\"OPTGROUP\"))return a=Ja(a,function(h){return P(h,\"SELECT\")}),\n!!a&&U(a,!0,c);var f=Oa(a);if(f)return!!f.image&&0\u003Cf.rect.width&&0\u003Cf.rect.height&&U(f.image,b,c);if(P(a,\"INPUT\")&&\"hidden\"==a.type.toLowerCase()||P(a,\"NOSCRIPT\"))return!1;f=T(a,\"visibility\");return\"collapse\"!=f&&\"hidden\"!=f&&c(a)&&(b||0!=Pa(a))&&e(a)?!d(a):!1}var W=\"hidden\";\nfunction Na(a){function b(k){function l(ba){if(ba==h)return!0;var pa=T(ba,\"display\");return 0==pa.lastIndexOf(\"inline\",0)||\"contents\"==pa||\"absolute\"==qa&&\"static\"==T(ba,\"position\")?!1:!0}var qa=T(k,\"position\");if(\"fixed\"==qa)return ra=!0,k==h?null:h;for(k=S(k);k&&!l(k);)k=S(k);return k}function c(k){var l=k;if(\"visible\"==D)if(k==h&&n)l=n;else if(k==n)return{x:\"visible\",y:\"visible\"};l={x:T(l,\"overflow-x\"),y:T(l,\"overflow-y\")};k==h&&(l.x=\"visible\"==l.x?\"auto\":l.x,l.y=\"visible\"==l.y?\"auto\":l.y);return l}\nfunction e(k){if(k==h){var l=(new Ka(f)).a;k=l.scrollingElement?l.scrollingElement:za||\"CSS1Compat\"!=l.compatMode?l.body||l.documentElement:l.documentElement;l=l.parentWindow||l.defaultView;k=C&&Ba(\"10\")&&l.pageYOffset!=k.scrollTop?new L(k.scrollLeft,k.scrollTop):new L(l.pageXOffset||k.scrollLeft,l.pageYOffset||k.scrollTop)}else k=new L(k.scrollLeft,k.scrollTop);return k}var d=Qa(a),f=N(a),h=f.documentElement,n=f.body,D=T(h,\"overflow\"),ra;for(a=b(a);a;a=b(a)){var q=c(a);if(\"visible\"!=q.x||\"visible\"!=\nq.y){var t=V(a);if(0==t.width||0==t.height)return W;var z=d.a\u003Ct.a,O=d.b\u003Ct.b;if(z&&\"hidden\"==q.x||O&&\"hidden\"==q.y)return W;if(z&&\"visible\"!=q.x||O&&\"visible\"!=q.y){z=e(a);O=d.b\u003Ct.b-z.y;if(d.a\u003Ct.a-z.x&&\"visible\"!=q.x||O&&\"visible\"!=q.x)return W;d=Na(a);return d==W?W:\"scroll\"}z=d.c>=t.a+t.width;t=d.f>=t.b+t.height;if(z&&\"hidden\"==q.x||t&&\"hidden\"==q.y)return W;if(z&&\"visible\"!=q.x||t&&\"visible\"!=q.y){if(ra&&(q=e(a),d.c>=h.scrollWidth-q.x||d.a>=h.scrollHeight-q.y))return W;d=Na(a);return d==W?W:\"scroll\"}}}return\"none\"}\nfunction V(a){var b=Oa(a);if(b)return b.rect;if(P(a,\"HTML\"))return a=N(a),a=((a?a.parentWindow||a.defaultView:window)||window).document,a=\"CSS1Compat\"==a.compatMode?a.documentElement:a.body,a=new M(a.clientWidth,a.clientHeight),new R(0,0,a.width,a.height);try{var c=a.getBoundingClientRect()}catch(e){return new R(0,0,0,0)}b=new R(c.left,c.top,c.right-c.left,c.bottom-c.top);C&&a.ownerDocument.body&&(a=N(a),b.a-=a.documentElement.clientLeft+a.body.clientLeft,b.b-=a.documentElement.clientTop+a.body.clientTop);\nreturn b}\nfunction Oa(a){var b=P(a,\"MAP\");if(!b&&!P(a,\"AREA\"))return null;var c=b?a:P(a.parentNode,\"MAP\")?a.parentNode:null,e=null,d=null;if(c&&c.name){e='*[usemap=\"#'+c.name+'\"]';c=N(c);var f;if(f=\"function\"!=aa(c.querySelector)&&C&&(C?0\u003C=na(I,8):Ba(8))){f=c.querySelector;var h=typeof f;f=!(\"object\"==h&&null!=f||\"function\"==h)}if(f)throw Error(\"CSS selection is not supported\");if(!e)throw new m(32,\"No selector specified\");e=u(e);try{var n=c.querySelector(e)}catch(D){throw new m(32,\"An invalid or illegal selector was specified\");}if(e=\nn&&1==n.nodeType?n:null)d=V(e),b||\"default\"==a.shape.toLowerCase()||(a=Ra(a),b=Math.min(Math.max(a.a,0),d.width),n=Math.min(Math.max(a.b,0),d.height),d=new R(b+d.a,n+d.b,Math.min(a.width,d.width-b),Math.min(a.height,d.height-n)))}return{image:e,rect:d||new R(0,0,0,0)}}\nfunction Ra(a){var b=a.shape.toLowerCase();a=a.coords.split(\",\");if(\"rect\"==b&&4==a.length){b=a[0];var c=a[1];return new R(b,c,a[2]-b,a[3]-c)}if(\"circle\"==b&&3==a.length)return b=a[2],new R(a[0]-b,a[1]-b,2*b,2*b);if(\"poly\"==b&&2\u003Ca.length){b=a[0];c=a[1];for(var e=b,d=c,f=2;f+1\u003Ca.length;f+=2)b=Math.min(b,a[f]),e=Math.max(e,a[f]),c=Math.min(c,a[f+1]),d=Math.max(d,a[f+1]);return new R(b,c,e-b,d-c)}return new R(0,0,0,0)}function Qa(a){a=V(a);return new Q(a.b,a.a+a.width,a.b+a.height,a.a)}\nfunction Pa(a){if(Ia){if(\"relative\"==T(a,\"position\"))return 1;a=T(a,\"filter\");return(a=a.match(/^alpha\\(opacity=(\\d*)\\)/)||a.match(/^progid:DXImageTransform.Microsoft.Alpha\\(Opacity=(\\d*)\\)/))?Number(a[1])/100:1}return Sa(a)}function Sa(a){var b=1,c=T(a,\"opacity\");c&&(b=Number(c));(a=S(a))&&(b*=Sa(a));return b};function Ta(a,b){function c(e){if(P(e)&&\"none\"==T(e,\"display\"))return!1;var d;if((d=e.parentNode)&&d.shadowRoot&&void 0!==e.assignedSlot)d=e.assignedSlot?e.assignedSlot.parentNode:null;else if(e.getDestinationInsertionPoints){var f=e.getDestinationInsertionPoints();0\u003Cf.length&&(d=f[f.length-1])}if(La&&d instanceof ShadowRoot){if(d.host.shadowRoot&&d.host.shadowRoot!==d)return!1;d=d.host}return!d||9!=d.nodeType&&11!=d.nodeType?d&&P(d,\"DETAILS\")&&!d.open&&!P(e,\"SUMMARY\")?!1:!!d&&c(d):!0}return U(a,\n!!b,c)}var X=[\"_\"],Y=g;X[0]in Y||\"undefined\"==typeof Y.execScript||Y.execScript(\"var \"+X[0]);for(var Z;X.length&&(Z=X.shift());)X.length||void 0===Ta?Y[Z]&&Y[Z]!==Object.prototype[Z]?Y=Y[Z]:Y=Y[Z]={}:Y[Z]=Ta;; return this._.apply(null,arguments);}).apply({navigator:typeof window!='undefined'?window.navigator:null,document:typeof window!='undefined'?window.document:null}, arguments);}\n).apply(null, arguments);"
}
[1740855270.564][INFO]: Waiting for pending navigations...
[1740855270.566][INFO]: Done waiting for pending navigations. Status: ok
[1740855270.573][INFO]: Waiting for pending navigations...
[1740855270.574][INFO]: Done waiting for pending navigations. Status: ok
[1740855270.574][INFO]: [e820907482ca7ee84a59485d877581ab] RESPONSE ExecuteScript true
[1740855270.576][INFO]: [e820907482ca7ee84a59485d877581ab] COMMAND ClickElement {
   "id": "f.C6E1BA738B99F7934109FCD2DAEDF339.d.7DCE8F983D7AE94F82FC6D23DD942985.e.27"
}
[1740855270.576][INFO]: Waiting for pending navigations...
[1740855270.577][INFO]: Done waiting for pending navigations. Status: ok
[1740855270.630][INFO]: Waiting for pending navigations...
[1740855270.640][INFO]: Done waiting for pending navigations. Status: ok
[1740855270.640][INFO]: [e820907482ca7ee84a59485d877581ab] RESPONSE ClickElement
[1740855270.642][INFO]: [e820907482ca7ee84a59485d877581ab] COMMAND FindElement {
   "using": "xpath",
   "value": "//span[contains(text(), \"India's Biggest Hits\")]/ancestor::div[@id='dismissible']"
}
[1740855270.642][INFO]: Waiting for pending navigations...
[1740855270.643][INFO]: Done waiting for pending navigations. Status: ok
[1740855270.650][INFO]: Waiting for pending navigations...
[1740855270.651][INFO]: Done waiting for pending navigations. Status: ok
[1740855270.651][INFO]: [e820907482ca7ee84a59485d877581ab] RESPONSE FindElement ERROR no such element: Unable to locate element: {"method":"xpath","selector":"//span[contains(text(), "India's Biggest Hits")]/ancestor::div[@id='dismissible']"}
  (Session info: chrome=133.0.6943.142)
[1740855271.163][INFO]: [e820907482ca7ee84a59485d877581ab] COMMAND FindElement {
   "using": "xpath",
   "value": "//span[contains(text(), \"India's Biggest Hits\")]/ancestor::div[@id='dismissible']"
}
[1740855271.163][INFO]: Waiting for pending navigations...
[1740855271.426][INFO]: Done waiting for pending navigations. Status: ok
[1740855271.491][INFO]: Waiting for pending navigations...
[1740855271.496][INFO]: Done waiting for pending navigations. Status: ok
[1740855271.496][INFO]: [e820907482ca7ee84a59485d877581ab] RESPONSE FindElement {
   "element-6066-11e4-a52e-4f735466cecf": "f.C6E1BA738B99F7934109FCD2DAEDF339.d.7DCE8F983D7AE94F82FC6D23DD942985.e.46"
}
[1740855271.500][INFO]: [e820907482ca7ee84a59485d877581ab] COMMAND ExecuteScript {
   "args": [ {
      "element-6066-11e4-a52e-4f735466cecf": "f.C6E1BA738B99F7934109FCD2DAEDF339.d.7DCE8F983D7AE94F82FC6D23DD942985.e.46"
   } ],
   "script": "/* isDisplayed */return (function(){return (function(){var g=this||self;\nfunction aa(a){var b=typeof a;if(\"object\"==b)if(a){if(a instanceof Array)return\"array\";if(a instanceof Object)return b;var c=Object.prototype.toString.call(a);if(\"[object Window]\"==c)return\"object\";if(\"[object Array]\"==c||\"number\"==typeof a.length&&\"undefined\"!=typeof a.splice&&\"undefined\"!=typeof a.propertyIsEnumerable&&!a.propertyIsEnumerable(\"splice\"))return\"array\";if(\"[object Function]\"==c||\"undefined\"!=typeof a.call&&\"undefined\"!=typeof a.propertyIsEnumerable&&!a.propertyIsEnumerable(\"call\"))return\"function\"}else return\"null\";else if(\"function\"==\nb&&\"undefined\"==typeof a.call)return\"object\";return b}function ca(a,b){function c(){}c.prototype=b.prototype;a.prototype=new c;a.prototype.constructor=a};var da=Array.prototype.indexOf?function(a,b){return Array.prototype.indexOf.call(a,b,void 0)}:function(a,b){if(\"string\"===typeof a)return\"string\"!==typeof b||1!=b.length?-1:a.indexOf(b,0);for(var c=0;c\u003Ca.length;c++)if(c in a&&a[c]===b)return c;return-1},ea=Array.prototype.some?function(a,b){return Array.prototype.some.call(a,b,void 0)}:function(a,b){for(var c=a.length,e=\"string\"===typeof a?a.split(\"\"):a,d=0;d\u003Cc;d++)if(d in e&&b.call(void 0,e[d],d,a))return!0;return!1},fa=Array.prototype.every?function(a,\nb){return Array.prototype.every.call(a,b,void 0)}:function(a,b){for(var c=a.length,e=\"string\"===typeof a?a.split(\"\"):a,d=0;d\u003Cc;d++)if(d in e&&!b.call(void 0,e[d],d,a))return!1;return!0};var ha={aliceblue:\"#f0f8ff\",antiquewhite:\"#faebd7\",aqua:\"#00ffff\",aquamarine:\"#7fffd4\",azure:\"#f0ffff\",beige:\"#f5f5dc\",bisque:\"#ffe4c4\",black:\"#000000\",blanchedalmond:\"#ffebcd\",blue:\"#0000ff\",blueviolet:\"#8a2be2\",brown:\"#a52a2a\",burlywood:\"#deb887\",cadetblue:\"#5f9ea0\",chartreuse:\"#7fff00\",chocolate:\"#d2691e\",coral:\"#ff7f50\",cornflowerblue:\"#6495ed\",cornsilk:\"#fff8dc\",crimson:\"#dc143c\",cyan:\"#00ffff\",darkblue:\"#00008b\",darkcyan:\"#008b8b\",darkgoldenrod:\"#b8860b\",darkgray:\"#a9a9a9\",darkgreen:\"#006400\",\ndarkgrey:\"#a9a9a9\",darkkhaki:\"#bdb76b\",darkmagenta:\"#8b008b\",darkolivegreen:\"#556b2f\",darkorange:\"#ff8c00\",darkorchid:\"#9932cc\",darkred:\"#8b0000\",darksalmon:\"#e9967a\",darkseagreen:\"#8fbc8f\",darkslateblue:\"#483d8b\",darkslategray:\"#2f4f4f\",darkslategrey:\"#2f4f4f\",darkturquoise:\"#00ced1\",darkviolet:\"#9400d3\",deeppink:\"#ff1493\",deepskyblue:\"#00bfff\",dimgray:\"#696969\",dimgrey:\"#696969\",dodgerblue:\"#1e90ff\",firebrick:\"#b22222\",floralwhite:\"#fffaf0\",forestgreen:\"#228b22\",fuchsia:\"#ff00ff\",gainsboro:\"#dcdcdc\",\nghostwhite:\"#f8f8ff\",gold:\"#ffd700\",goldenrod:\"#daa520\",gray:\"#808080\",green:\"#008000\",greenyellow:\"#adff2f\",grey:\"#808080\",honeydew:\"#f0fff0\",hotpink:\"#ff69b4\",indianred:\"#cd5c5c\",indigo:\"#4b0082\",ivory:\"#fffff0\",khaki:\"#f0e68c\",lavender:\"#e6e6fa\",lavenderblush:\"#fff0f5\",lawngreen:\"#7cfc00\",lemonchiffon:\"#fffacd\",lightblue:\"#add8e6\",lightcoral:\"#f08080\",lightcyan:\"#e0ffff\",lightgoldenrodyellow:\"#fafad2\",lightgray:\"#d3d3d3\",lightgreen:\"#90ee90\",lightgrey:\"#d3d3d3\",lightpink:\"#ffb6c1\",lightsalmon:\"#ffa07a\",\nlightseagreen:\"#20b2aa\",lightskyblue:\"#87cefa\",lightslategray:\"#778899\",lightslategrey:\"#778899\",lightsteelblue:\"#b0c4de\",lightyellow:\"#ffffe0\",lime:\"#00ff00\",limegreen:\"#32cd32\",linen:\"#faf0e6\",magenta:\"#ff00ff\",maroon:\"#800000\",mediumaquamarine:\"#66cdaa\",mediumblue:\"#0000cd\",mediumorchid:\"#ba55d3\",mediumpurple:\"#9370db\",mediumseagreen:\"#3cb371\",mediumslateblue:\"#7b68ee\",mediumspringgreen:\"#00fa9a\",mediumturquoise:\"#48d1cc\",mediumvioletred:\"#c71585\",midnightblue:\"#191970\",mintcream:\"#f5fffa\",mistyrose:\"#ffe4e1\",\nmoccasin:\"#ffe4b5\",navajowhite:\"#ffdead\",navy:\"#000080\",oldlace:\"#fdf5e6\",olive:\"#808000\",olivedrab:\"#6b8e23\",orange:\"#ffa500\",orangered:\"#ff4500\",orchid:\"#da70d6\",palegoldenrod:\"#eee8aa\",palegreen:\"#98fb98\",paleturquoise:\"#afeeee\",palevioletred:\"#db7093\",papayawhip:\"#ffefd5\",peachpuff:\"#ffdab9\",peru:\"#cd853f\",pink:\"#ffc0cb\",plum:\"#dda0dd\",powderblue:\"#b0e0e6\",purple:\"#800080\",red:\"#ff0000\",rosybrown:\"#bc8f8f\",royalblue:\"#4169e1\",saddlebrown:\"#8b4513\",salmon:\"#fa8072\",sandybrown:\"#f4a460\",seagreen:\"#2e8b57\",\nseashell:\"#fff5ee\",sienna:\"#a0522d\",silver:\"#c0c0c0\",skyblue:\"#87ceeb\",slateblue:\"#6a5acd\",slategray:\"#708090\",slategrey:\"#708090\",snow:\"#fffafa\",springgreen:\"#00ff7f\",steelblue:\"#4682b4\",tan:\"#d2b48c\",teal:\"#008080\",thistle:\"#d8bfd8\",tomato:\"#ff6347\",turquoise:\"#40e0d0\",violet:\"#ee82ee\",wheat:\"#f5deb3\",white:\"#ffffff\",whitesmoke:\"#f5f5f5\",yellow:\"#ffff00\",yellowgreen:\"#9acd32\"};var ia=\"backgroundColor borderTopColor borderRightColor borderBottomColor borderLeftColor color outlineColor\".split(\" \"),ja=/#([0-9a-fA-F])([0-9a-fA-F])([0-9a-fA-F])/,ka=/^#(?:[0-9a-f]{3}){1,2}$/i,la=/^(?:rgba)?\\((\\d{1,3}),\\s?(\\d{1,3}),\\s?(\\d{1,3}),\\s?(0|1|0\\.\\d*)\\)$/i,ma=/^(?:rgb)?\\((0|[1-9]\\d{0,2}),\\s?(0|[1-9]\\d{0,2}),\\s?(0|[1-9]\\d{0,2})\\)$/i;function m(a,b){this.code=a;this.a=p[a]||r;this.message=b||\"\";a=this.a.replace(/((?:^|\\s+)[a-z])/g,function(c){return c.toUpperCase().replace(/^[\\s\\xa0]+/g,\"\")});b=a.length-5;if(0>b||a.indexOf(\"Error\",b)!=b)a+=\"Error\";this.name=a;a=Error(this.message);a.name=this.name;this.stack=a.stack||\"\"}ca(m,Error);var r=\"unknown error\",p={15:\"element not selectable\",11:\"element not visible\"};p[31]=r;p[30]=r;p[24]=\"invalid cookie domain\";p[29]=\"invalid element coordinates\";p[12]=\"invalid element state\";\np[32]=\"invalid selector\";p[51]=\"invalid selector\";p[52]=\"invalid selector\";p[17]=\"javascript error\";p[405]=\"unsupported operation\";p[34]=\"move target out of bounds\";p[27]=\"no such alert\";p[7]=\"no such element\";p[8]=\"no such frame\";p[23]=\"no such window\";p[28]=\"script timeout\";p[33]=\"session not created\";p[10]=\"stale element reference\";p[21]=\"timeout\";p[25]=\"unable to set cookie\";p[26]=\"unexpected alert open\";p[13]=r;p[9]=\"unknown command\";var u=String.prototype.trim?function(a){return a.trim()}:function(a){return/^[\\s\\xa0]*([\\s\\S]*?)[\\s\\xa0]*$/.exec(a)[1]};\nfunction na(a,b){var c=0;a=u(String(a)).split(\".\");b=u(String(b)).split(\".\");for(var e=Math.max(a.length,b.length),d=0;0==c&&d\u003Ce;d++){var f=a[d]||\"\",h=b[d]||\"\";do{f=/(\\d*)(\\D*)(.*)/.exec(f)||[\"\",\"\",\"\",\"\"];h=/(\\d*)(\\D*)(.*)/.exec(h)||[\"\",\"\",\"\",\"\"];if(0==f[0].length&&0==h[0].length)break;c=v(0==f[1].length?0:parseInt(f[1],10),0==h[1].length?0:parseInt(h[1],10))||v(0==f[2].length,0==h[2].length)||v(f[2],h[2]);f=f[3];h=h[3]}while(0==c)}return c}function v(a,b){return a\u003Cb?-1:a>b?1:0};var w;a:{var oa=g.navigator;if(oa){var sa=oa.userAgent;if(sa){w=sa;break a}}w=\"\"}function x(a){return-1!=w.indexOf(a)};function y(){return x(\"Firefox\")||x(\"FxiOS\")}function A(){return(x(\"Chrome\")||x(\"CriOS\"))&&!x(\"Edge\")};function ta(a){return String(a).replace(/\\-([a-z])/g,function(b,c){return c.toUpperCase()})};function B(){return x(\"iPhone\")&&!x(\"iPod\")&&!x(\"iPad\")};function ua(a,b){var c=va;return Object.prototype.hasOwnProperty.call(c,a)?c[a]:c[a]=b(a)};var wa=x(\"Opera\"),C=x(\"Trident\")||x(\"MSIE\"),xa=x(\"Edge\"),ya=x(\"Gecko\")&&!(-1!=w.toLowerCase().indexOf(\"webkit\")&&!x(\"Edge\"))&&!(x(\"Trident\")||x(\"MSIE\"))&&!x(\"Edge\"),za=-1!=w.toLowerCase().indexOf(\"webkit\")&&!x(\"Edge\");function Aa(){var a=g.document;return a?a.documentMode:void 0}var E;\na:{var F=\"\",G=function(){var a=w;if(ya)return/rv:([^\\);]+)(\\)|;)/.exec(a);if(xa)return/Edge\\/([\\d\\.]+)/.exec(a);if(C)return/\\b(?:MSIE|rv)[: ]([^\\);]+)(\\)|;)/.exec(a);if(za)return/WebKit\\/(\\S+)/.exec(a);if(wa)return/(?:Version)[ \\/]?(\\S+)/.exec(a)}();G&&(F=G?G[1]:\"\");if(C){var H=Aa();if(null!=H&&H>parseFloat(F)){E=String(H);break a}}E=F}var va={};function Ba(a){return ua(a,function(){return 0\u003C=na(E,a)})}var I;I=g.document&&C?Aa():void 0;var Ca=y(),Da=B()||x(\"iPod\"),Ea=x(\"iPad\"),Fa=x(\"Android\")&&!(A()||y()||x(\"Opera\")||x(\"Silk\")),Ga=A(),Ha=x(\"Safari\")&&!(A()||x(\"Coast\")||x(\"Opera\")||x(\"Edge\")||x(\"Edg/\")||x(\"OPR\")||y()||x(\"Silk\")||x(\"Android\"))&&!(B()||x(\"iPad\")||x(\"iPod\"));function J(a){return(a=a.exec(w))?a[1]:\"\"}(function(){if(Ca)return J(/Firefox\\/([0-9.]+)/);if(C||xa||wa)return E;if(Ga)return B()||x(\"iPad\")||x(\"iPod\")?J(/CriOS\\/([0-9.]+)/):J(/Chrome\\/([0-9.]+)/);if(Ha&&!(B()||x(\"iPad\")||x(\"iPod\")))return J(/Version\\/([0-9.]+)/);if(Da||Ea){var a=/Version\\/(\\S+).*Mobile\\/(\\S+)/.exec(w);if(a)return a[1]+\".\"+a[2]}else if(Fa)return(a=J(/Android\\s+([0-9.]+)/))?a:J(/Version\\/([0-9.]+)/);return\"\"})();var K;if(K=C)K=!(9\u003C=Number(I));var Ia=K;function L(a,b){this.x=void 0!==a?a:0;this.y=void 0!==b?b:0}L.prototype.ceil=function(){this.x=Math.ceil(this.x);this.y=Math.ceil(this.y);return this};L.prototype.floor=function(){this.x=Math.floor(this.x);this.y=Math.floor(this.y);return this};L.prototype.round=function(){this.x=Math.round(this.x);this.y=Math.round(this.y);return this};function M(a,b){this.width=a;this.height=b}M.prototype.aspectRatio=function(){return this.width/this.height};M.prototype.ceil=function(){this.width=Math.ceil(this.width);this.height=Math.ceil(this.height);return this};M.prototype.floor=function(){this.width=Math.floor(this.width);this.height=Math.floor(this.height);return this};M.prototype.round=function(){this.width=Math.round(this.width);this.height=Math.round(this.height);return this};function N(a){return 9==a.nodeType?a:a.ownerDocument||a.document}function Ja(a,b){a&&(a=a.parentNode);for(var c=0;a;){if(b(a))return a;a=a.parentNode;c++}return null}function Ka(a){this.a=a||g.document||document};function P(a,b){b&&\"string\"!==typeof b&&(b=b.toString());return!!a&&1==a.nodeType&&(!b||a.tagName.toUpperCase()==b)};function Q(a,b,c,e){this.f=a;this.a=b;this.b=c;this.c=e}Q.prototype.ceil=function(){this.f=Math.ceil(this.f);this.a=Math.ceil(this.a);this.b=Math.ceil(this.b);this.c=Math.ceil(this.c);return this};Q.prototype.floor=function(){this.f=Math.floor(this.f);this.a=Math.floor(this.a);this.b=Math.floor(this.b);this.c=Math.floor(this.c);return this};Q.prototype.round=function(){this.f=Math.round(this.f);this.a=Math.round(this.a);this.b=Math.round(this.b);this.c=Math.round(this.c);return this};function R(a,b,c,e){this.a=a;this.b=b;this.width=c;this.height=e}R.prototype.ceil=function(){this.a=Math.ceil(this.a);this.b=Math.ceil(this.b);this.width=Math.ceil(this.width);this.height=Math.ceil(this.height);return this};R.prototype.floor=function(){this.a=Math.floor(this.a);this.b=Math.floor(this.b);this.width=Math.floor(this.width);this.height=Math.floor(this.height);return this};\nR.prototype.round=function(){this.a=Math.round(this.a);this.b=Math.round(this.b);this.width=Math.round(this.width);this.height=Math.round(this.height);return this};var La=\"function\"===typeof ShadowRoot;function S(a){for(a=a.parentNode;a&&1!=a.nodeType&&9!=a.nodeType&&11!=a.nodeType;)a=a.parentNode;return P(a)?a:null}\nfunction T(a,b){b=ta(b);if(\"float\"==b||\"cssFloat\"==b||\"styleFloat\"==b)b=Ia?\"styleFloat\":\"cssFloat\";a:{var c=b;var e=N(a);if(e.defaultView&&e.defaultView.getComputedStyle&&(e=e.defaultView.getComputedStyle(a,null))){c=e[c]||e.getPropertyValue(c)||\"\";break a}c=\"\"}a=c||Ma(a,b);if(null===a)a=null;else if(0\u003C=da(ia,b)){b:{var d=a.match(la);if(d&&(b=Number(d[1]),c=Number(d[2]),e=Number(d[3]),d=Number(d[4]),0\u003C=b&&255>=b&&0\u003C=c&&255>=c&&0\u003C=e&&255>=e&&0\u003C=d&&1>=d)){b=[b,c,e,d];break b}b=null}if(!b)b:{if(e=a.match(ma))if(b=\nNumber(e[1]),c=Number(e[2]),e=Number(e[3]),0\u003C=b&&255>=b&&0\u003C=c&&255>=c&&0\u003C=e&&255>=e){b=[b,c,e,1];break b}b=null}if(!b)b:{b=a.toLowerCase();c=ha[b.toLowerCase()];if(!c&&(c=\"#\"==b.charAt(0)?b:\"#\"+b,4==c.length&&(c=c.replace(ja,\"#$1$1$2$2$3$3\")),!ka.test(c))){b=null;break b}b=[parseInt(c.substr(1,2),16),parseInt(c.substr(3,2),16),parseInt(c.substr(5,2),16),1]}a=b?\"rgba(\"+b.join(\", \")+\")\":a}return a}\nfunction Ma(a,b){var c=a.currentStyle||a.style,e=c[b];void 0===e&&\"function\"==aa(c.getPropertyValue)&&(e=c.getPropertyValue(b));return\"inherit\"!=e?void 0!==e?e:null:(a=S(a))?Ma(a,b):null}\nfunction U(a,b,c){function e(h){var n=V(h);return 0\u003Cn.height&&0\u003Cn.width?!0:P(h,\"PATH\")&&(0\u003Cn.height||0\u003Cn.width)?(h=T(h,\"stroke-width\"),!!h&&0\u003CparseInt(h,10)):\"hidden\"!=T(h,\"overflow\")&&ea(h.childNodes,function(D){return 3==D.nodeType||P(D)&&e(D)})}function d(h){return Na(h)==W&&fa(h.childNodes,function(n){return!P(n)||d(n)||!e(n)})}if(!P(a))throw Error(\"Argument to isShown must be of type Element\");if(P(a,\"BODY\"))return!0;if(P(a,\"OPTION\")||P(a,\"OPTGROUP\"))return a=Ja(a,function(h){return P(h,\"SELECT\")}),\n!!a&&U(a,!0,c);var f=Oa(a);if(f)return!!f.image&&0\u003Cf.rect.width&&0\u003Cf.rect.height&&U(f.image,b,c);if(P(a,\"INPUT\")&&\"hidden\"==a.type.toLowerCase()||P(a,\"NOSCRIPT\"))return!1;f=T(a,\"visibility\");return\"collapse\"!=f&&\"hidden\"!=f&&c(a)&&(b||0!=Pa(a))&&e(a)?!d(a):!1}var W=\"hidden\";\nfunction Na(a){function b(k){function l(ba){if(ba==h)return!0;var pa=T(ba,\"display\");return 0==pa.lastIndexOf(\"inline\",0)||\"contents\"==pa||\"absolute\"==qa&&\"static\"==T(ba,\"position\")?!1:!0}var qa=T(k,\"position\");if(\"fixed\"==qa)return ra=!0,k==h?null:h;for(k=S(k);k&&!l(k);)k=S(k);return k}function c(k){var l=k;if(\"visible\"==D)if(k==h&&n)l=n;else if(k==n)return{x:\"visible\",y:\"visible\"};l={x:T(l,\"overflow-x\"),y:T(l,\"overflow-y\")};k==h&&(l.x=\"visible\"==l.x?\"auto\":l.x,l.y=\"visible\"==l.y?\"auto\":l.y);return l}\nfunction e(k){if(k==h){var l=(new Ka(f)).a;k=l.scrollingElement?l.scrollingElement:za||\"CSS1Compat\"!=l.compatMode?l.body||l.documentElement:l.documentElement;l=l.parentWindow||l.defaultView;k=C&&Ba(\"10\")&&l.pageYOffset!=k.scrollTop?new L(k.scrollLeft,k.scrollTop):new L(l.pageXOffset||k.scrollLeft,l.pageYOffset||k.scrollTop)}else k=new L(k.scrollLeft,k.scrollTop);return k}var d=Qa(a),f=N(a),h=f.documentElement,n=f.body,D=T(h,\"overflow\"),ra;for(a=b(a);a;a=b(a)){var q=c(a);if(\"visible\"!=q.x||\"visible\"!=\nq.y){var t=V(a);if(0==t.width||0==t.height)return W;var z=d.a\u003Ct.a,O=d.b\u003Ct.b;if(z&&\"hidden\"==q.x||O&&\"hidden\"==q.y)return W;if(z&&\"visible\"!=q.x||O&&\"visible\"!=q.y){z=e(a);O=d.b\u003Ct.b-z.y;if(d.a\u003Ct.a-z.x&&\"visible\"!=q.x||O&&\"visible\"!=q.x)return W;d=Na(a);return d==W?W:\"scroll\"}z=d.c>=t.a+t.width;t=d.f>=t.b+t.height;if(z&&\"hidden\"==q.x||t&&\"hidden\"==q.y)return W;if(z&&\"visible\"!=q.x||t&&\"visible\"!=q.y){if(ra&&(q=e(a),d.c>=h.scrollWidth-q.x||d.a>=h.scrollHeight-q.y))return W;d=Na(a);return d==W?W:\"scroll\"}}}return\"none\"}\nfunction V(a){var b=Oa(a);if(b)return b.rect;if(P(a,\"HTML\"))return a=N(a),a=((a?a.parentWindow||a.defaultView:window)||window).document,a=\"CSS1Compat\"==a.compatMode?a.documentElement:a.body,a=new M(a.clientWidth,a.clientHeight),new R(0,0,a.width,a.height);try{var c=a.getBoundingClientRect()}catch(e){return new R(0,0,0,0)}b=new R(c.left,c.top,c.right-c.left,c.bottom-c.top);C&&a.ownerDocument.body&&(a=N(a),b.a-=a.documentElement.clientLeft+a.body.clientLeft,b.b-=a.documentElement.clientTop+a.body.clientTop);\nreturn b}\nfunction Oa(a){var b=P(a,\"MAP\");if(!b&&!P(a,\"AREA\"))return null;var c=b?a:P(a.parentNode,\"MAP\")?a.parentNode:null,e=null,d=null;if(c&&c.name){e='*[usemap=\"#'+c.name+'\"]';c=N(c);var f;if(f=\"function\"!=aa(c.querySelector)&&C&&(C?0\u003C=na(I,8):Ba(8))){f=c.querySelector;var h=typeof f;f=!(\"object\"==h&&null!=f||\"function\"==h)}if(f)throw Error(\"CSS selection is not supported\");if(!e)throw new m(32,\"No selector specified\");e=u(e);try{var n=c.querySelector(e)}catch(D){throw new m(32,\"An invalid or illegal selector was specified\");}if(e=\nn&&1==n.nodeType?n:null)d=V(e),b||\"default\"==a.shape.toLowerCase()||(a=Ra(a),b=Math.min(Math.max(a.a,0),d.width),n=Math.min(Math.max(a.b,0),d.height),d=new R(b+d.a,n+d.b,Math.min(a.width,d.width-b),Math.min(a.height,d.height-n)))}return{image:e,rect:d||new R(0,0,0,0)}}\nfunction Ra(a){var b=a.shape.toLowerCase();a=a.coords.split(\",\");if(\"rect\"==b&&4==a.length){b=a[0];var c=a[1];return new R(b,c,a[2]-b,a[3]-c)}if(\"circle\"==b&&3==a.length)return b=a[2],new R(a[0]-b,a[1]-b,2*b,2*b);if(\"poly\"==b&&2\u003Ca.length){b=a[0];c=a[1];for(var e=b,d=c,f=2;f+1\u003Ca.length;f+=2)b=Math.min(b,a[f]),e=Math.max(e,a[f]),c=Math.min(c,a[f+1]),d=Math.max(d,a[f+1]);return new R(b,c,e-b,d-c)}return new R(0,0,0,0)}function Qa(a){a=V(a);return new Q(a.b,a.a+a.width,a.b+a.height,a.a)}\nfunction Pa(a){if(Ia){if(\"relative\"==T(a,\"position\"))return 1;a=T(a,\"filter\");return(a=a.match(/^alpha\\(opacity=(\\d*)\\)/)||a.match(/^progid:DXImageTransform.Microsoft.Alpha\\(Opacity=(\\d*)\\)/))?Number(a[1])/100:1}return Sa(a)}function Sa(a){var b=1,c=T(a,\"opacity\");c&&(b=Number(c));(a=S(a))&&(b*=Sa(a));return b};function Ta(a,b){function c(e){if(P(e)&&\"none\"==T(e,\"display\"))return!1;var d;if((d=e.parentNode)&&d.shadowRoot&&void 0!==e.assignedSlot)d=e.assignedSlot?e.assignedSlot.parentNode:null;else if(e.getDestinationInsertionPoints){var f=e.getDestinationInsertionPoints();0\u003Cf.length&&(d=f[f.length-1])}if(La&&d instanceof ShadowRoot){if(d.host.shadowRoot&&d.host.shadowRoot!==d)return!1;d=d.host}return!d||9!=d.nodeType&&11!=d.nodeType?d&&P(d,\"DETAILS\")&&!d.open&&!P(e,\"SUMMARY\")?!1:!!d&&c(d):!0}return U(a,\n!!b,c)}var X=[\"_\"],Y=g;X[0]in Y||\"undefined\"==typeof Y.execScript||Y.execScript(\"var \"+X[0]);for(var Z;X.length&&(Z=X.shift());)X.length||void 0===Ta?Y[Z]&&Y[Z]!==Object.prototype[Z]?Y=Y[Z]:Y=Y[Z]={}:Y[Z]=Ta;; return this._.apply(null,arguments);}).apply({navigator:typeof window!='undefined'?window.navigator:null,document:typeof window!='undefined'?window.document:null}, arguments);}\n).apply(null, arguments);"
}
[1740855271.500][INFO]: Waiting for pending navigations...
[1740855271.501][INFO]: Done waiting for pending navigations. Status: ok
[1740855271.519][INFO]: Waiting for pending navigations...
[1740855271.546][INFO]: Done waiting for pending navigations. Status: ok
[1740855271.547][INFO]: [e820907482ca7ee84a59485d877581ab] RESPONSE ExecuteScript true
[1740855271.549][INFO]: [e820907482ca7ee84a59485d877581ab] COMMAND FindElements {
   "using": "xpath",
   "value": "//a[@class='yt-lockup-metadata-view-model-wiz__title']/span"
}
[1740855271.549][INFO]: Waiting for pending navigations...
[1740855271.564][INFO]: Done waiting for pending navigations. Status: ok
[1740855271.588][INFO]: Waiting for pending navigations...
[1740855271.590][INFO]: Done waiting for pending navigations. Status: ok
[1740855271.590][INFO]: [e820907482ca7ee84a59485d877581ab] RESPONSE FindElements [ {
   "element-6066-11e4-a52e-4f735466cecf": "f.C6E1BA738B99F7934109FCD2DAEDF339.d.7DCE8F983D7AE94F82FC6D23DD942985.e.47"
}, {
   "element-6066-11e4-a52e-4f735466cecf": "f.C6E1BA738B99F7934109FCD2DAEDF339.d.7DCE8F983D7AE94F82FC6D23DD942985.e.48"
}, {
   "element-6066-11e4-a52e-4f735466cecf": "f.C6E1BA738B99F7934109FCD2DAEDF339.d.7DCE8F983D7AE94F82FC6D23DD942985.e.49"
}, {
   "element-6066-11e4-a52e-4f735466cecf": "f.C6E1BA738B99F7934109FCD2DAEDF339.d.7DCE8F983D7AE94F82FC6D23DD942985.e.50"
}, {
   "element-6066-11e4-a52e-4f735466cecf": "f.C6E1BA738B99F7934109FCD2DAEDF339.d.7DCE8F983D7AE94F82FC6D23DD942985.e.51"
}, {
   "element-6066-11e4-a52e-4f735466cecf": "f.C6E1BA738B99F7934109FCD2DAEDF339.d.7DCE8F983D7AE94F82FC6D23DD942985.e.52"
}, {
   "element-6066-11e4-a52e-4f735466cecf": "f.C6E1BA738B99F7934109FCD2DAEDF339.d.7DCE8F983D7AE94F82FC6D23DD942985.e.53"
}, {
   "element-6066-11e4-a52e-4f735466cecf": "f.C6E1BA738B99F7934109FCD2DAEDF339.d.7DCE8F983D7AE94F82FC6D23DD942985.e.54"
}, {
   "element-6066-11e4-a52e-4f735466cecf": "f.C6E1BA738B99F7934109FCD2DAEDF339.d.7DCE8F983D7AE94F82FC6D23DD942985.e.55"
}, {
   "element-6066-11e4-a52e-4f735466cecf": "f.C6E1BA738B99F7934109FCD2DAEDF339.d.7DCE8F983D7AE94F82FC6D23DD942985.e.56"
}, {
   "element-6066-11e4-a52e-4f735466cecf": "f.C6E1BA738B99F7934109FCD2DAEDF339.d.7DCE8F983D7AE94F82FC6D23DD942985.e.57"
}, {
   "element-6066-11e4-a52e-4f735466cecf": "f.C6E1BA738B99F7934109FCD2DAEDF339.d.7DCE8F983D7AE94F82FC6D23DD942985.e.58"
}, {
   "element-6066-11e4-a52e-4f735466cecf": "f.C6E1BA738B99F7934109FCD2DAEDF339.d.7DCE8F983D7AE94F82FC6D23DD942985.e.59"
}, {
   "element-6066-11e4-a52e-4f735466cecf": "f.C6E1BA738B99F7934109FCD2DAEDF339.d.7DCE8F983D7AE94F82FC6D23DD942985.e.60"
}, {
   "element-6066-11e4-a52e-4f735466cecf": "f.C6E1BA738B99F7934109FCD2DAEDF339.d.7DCE8F983D7AE94F82FC6D23DD942985.e.61"
}, {
   "element-6066-11e4-a52e-4f735466cecf": "f.C6E1BA738B99F7934109FCD2DAEDF339.d.7DCE8F983D7AE94F82FC6D23DD942985.e.62"
}, {
   "element-6066-11e4-a52e-4f735466cecf": "f.C6E1BA738B99F7934109FCD2DAEDF339.d.7DCE8F983D7AE94F82FC6D23DD942985.e.63"
}, {
   "element-6066-11e4-a52e-4f735466cecf": "f.C6E1BA738B99F7934109FCD2DAEDF339.d.7DCE8F983D7AE94F82FC6D23DD942985.e.64"
}, {
   "element-6066-11e4-a52e-4f735466cecf": "f.C6E1BA738B99F7934109FCD2DAEDF339.d.7DCE8F983D7AE94F82FC6D23DD942985.e.65"
}, "..." ]
[1740855276.609][INFO]: [e820907482ca7ee84a59485d877581ab] COMMAND GetElementText {
   "id": "f.C6E1BA738B99F7934109FCD2DAEDF339.d.7DCE8F983D7AE94F82FC6D23DD942985.e.50"
}
[1740855276.609][INFO]: Waiting for pending navigations...
[1740855276.609][INFO]: Done waiting for pending navigations. Status: ok
[1740855276.618][INFO]: Waiting for pending navigations...
[1740855276.619][INFO]: Done waiting for pending navigations. Status: ok
[1740855276.619][INFO]: [e820907482ca7ee84a59485d877581ab] RESPONSE GetElementText "Tollywood Hitlist"
[1740855276.622][INFO]: [e820907482ca7ee84a59485d877581ab] COMMAND FindElements {
   "using": "xpath",
   "value": ".//div[@class='badge-shape-wiz__text']"
}
[1740855276.622][INFO]: Waiting for pending navigations...
[1740855276.624][INFO]: Done waiting for pending navigations. Status: ok
[1740855276.639][INFO]: Waiting for pending navigations...
[1740855276.639][INFO]: Done waiting for pending navigations. Status: ok
[1740855276.639][INFO]: [e820907482ca7ee84a59485d877581ab] RESPONSE FindElements [ {
   "element-6066-11e4-a52e-4f735466cecf": "f.C6E1BA738B99F7934109FCD2DAEDF339.d.7DCE8F983D7AE94F82FC6D23DD942985.e.135"
}, {
   "element-6066-11e4-a52e-4f735466cecf": "f.C6E1BA738B99F7934109FCD2DAEDF339.d.7DCE8F983D7AE94F82FC6D23DD942985.e.136"
}, {
   "element-6066-11e4-a52e-4f735466cecf": "f.C6E1BA738B99F7934109FCD2DAEDF339.d.7DCE8F983D7AE94F82FC6D23DD942985.e.137"
}, {
   "element-6066-11e4-a52e-4f735466cecf": "f.C6E1BA738B99F7934109FCD2DAEDF339.d.7DCE8F983D7AE94F82FC6D23DD942985.e.138"
}, {
   "element-6066-11e4-a52e-4f735466cecf": "f.C6E1BA738B99F7934109FCD2DAEDF339.d.7DCE8F983D7AE94F82FC6D23DD942985.e.139"
}, {
   "element-6066-11e4-a52e-4f735466cecf": "f.C6E1BA738B99F7934109FCD2DAEDF339.d.7DCE8F983D7AE94F82FC6D23DD942985.e.140"
}, {
   "element-6066-11e4-a52e-4f735466cecf": "f.C6E1BA738B99F7934109FCD2DAEDF339.d.7DCE8F983D7AE94F82FC6D23DD942985.e.141"
}, {
   "element-6066-11e4-a52e-4f735466cecf": "f.C6E1BA738B99F7934109FCD2DAEDF339.d.7DCE8F983D7AE94F82FC6D23DD942985.e.142"
}, {
   "element-6066-11e4-a52e-4f735466cecf": "f.C6E1BA738B99F7934109FCD2DAEDF339.d.7DCE8F983D7AE94F82FC6D23DD942985.e.143"
}, {
   "element-6066-11e4-a52e-4f735466cecf": "f.C6E1BA738B99F7934109FCD2DAEDF339.d.7DCE8F983D7AE94F82FC6D23DD942985.e.144"
}, {
   "element-6066-11e4-a52e-4f735466cecf": "f.C6E1BA738B99F7934109FCD2DAEDF339.d.7DCE8F983D7AE94F82FC6D23DD942985.e.145"
}, {
   "element-6066-11e4-a52e-4f735466cecf": "f.C6E1BA738B99F7934109FCD2DAEDF339.d.7DCE8F983D7AE94F82FC6D23DD942985.e.146"
}, {
   "element-6066-11e4-a52e-4f735466cecf": "f.C6E1BA738B99F7934109FCD2DAEDF339.d.7DCE8F983D7AE94F82FC6D23DD942985.e.147"
}, {
   "element-6066-11e4-a52e-4f735466cecf": "f.C6E1BA738B99F7934109FCD2DAEDF339.d.7DCE8F983D7AE94F82FC6D23DD942985.e.148"
}, {
   "element-6066-11e4-a52e-4f735466cecf": "f.C6E1BA738B99F7934109FCD2DAEDF339.d.7DCE8F983D7AE94F82FC6D23DD942985.e.149"
}, {
   "element-6066-11e4-a52e-4f735466cecf": "f.C6E1BA738B99F7934109FCD2DAEDF339.d.7DCE8F983D7AE94F82FC6D23DD942985.e.150"
}, {
   "element-6066-11e4-a52e-4f735466cecf": "f.C6E1BA738B99F7934109FCD2DAEDF339.d.7DCE8F983D7AE94F82FC6D23DD942985.e.151"
}, {
   "element-6066-11e4-a52e-4f735466cecf": "f.C6E1BA738B99F7934109FCD2DAEDF339.d.7DCE8F983D7AE94F82FC6D23DD942985.e.152"
}, {
   "element-6066-11e4-a52e-4f735466cecf": "f.C6E1BA738B99F7934109FCD2DAEDF339.d.7DCE8F983D7AE94F82FC6D23DD942985.e.153"
}, "..." ]
[1740855281.658][INFO]: [e820907482ca7ee84a59485d877581ab] COMMAND GetElementText {
   "id": "f.C6E1BA738B99F7934109FCD2DAEDF339.d.7DCE8F983D7AE94F82FC6D23DD942985.e.138"
}
[1740855281.658][INFO]: Waiting for pending navigations...
[1740855281.658][INFO]: Done waiting for pending navigations. Status: ok
[1740855281.663][INFO]: Waiting for pending navigations...
[1740855281.664][INFO]: Done waiting for pending navigations. Status: ok
[1740855281.664][INFO]: [e820907482ca7ee84a59485d877581ab] RESPONSE GetElementText "50 songs"
[1740855281.667][INFO]: [e820907482ca7ee84a59485d877581ab] COMMAND Navigate {
   "url": "https://www.youtube.com"
}
[1740855281.667][INFO]: Waiting for pending navigations...
[1740855281.668][INFO]: Done waiting for pending navigations. Status: ok
[1740855281.828][INFO]: Waiting for pending navigations...
[1740855282.384][INFO]: Done waiting for pending navigations. Status: ok
[1740855282.384][INFO]: [e820907482ca7ee84a59485d877581ab] RESPONSE Navigate
[1740855282.386][INFO]: [e820907482ca7ee84a59485d877581ab] COMMAND ExecuteScript {
   "args": [  ],
   "script": "return document.readyState"
}
[1740855282.386][INFO]: Waiting for pending navigations...
[1740855282.433][INFO]: Done waiting for pending navigations. Status: ok
[1740855282.570][INFO]: Waiting for pending navigations...
[1740855282.576][INFO]: Done waiting for pending navigations. Status: ok
[1740855282.576][INFO]: [e820907482ca7ee84a59485d877581ab] RESPONSE ExecuteScript "complete"
[1740855282.578][INFO]: [e820907482ca7ee84a59485d877581ab] COMMAND FindElement {
   "using": "xpath",
   "value": "(//a[@id=\"endpoint\"])[12]"
}
[1740855282.578][INFO]: Waiting for pending navigations...
[1740855282.583][INFO]: Done waiting for pending navigations. Status: ok
[1740855282.613][INFO]: Waiting for pending navigations...
[1740855282.623][INFO]: Done waiting for pending navigations. Status: ok
[1740855282.623][INFO]: [e820907482ca7ee84a59485d877581ab] RESPONSE FindElement {
   "element-6066-11e4-a52e-4f735466cecf": "f.C6E1BA738B99F7934109FCD2DAEDF339.d.595AB4910F4658D44497C2E3ABF70FF7.e.261"
}
[1740855282.627][INFO]: [e820907482ca7ee84a59485d877581ab] COMMAND ExecuteScript {
   "args": [ {
      "element-6066-11e4-a52e-4f735466cecf": "f.C6E1BA738B99F7934109FCD2DAEDF339.d.595AB4910F4658D44497C2E3ABF70FF7.e.261"
   } ],
   "script": "/* isDisplayed */return (function(){return (function(){var g=this||self;\nfunction aa(a){var b=typeof a;if(\"object\"==b)if(a){if(a instanceof Array)return\"array\";if(a instanceof Object)return b;var c=Object.prototype.toString.call(a);if(\"[object Window]\"==c)return\"object\";if(\"[object Array]\"==c||\"number\"==typeof a.length&&\"undefined\"!=typeof a.splice&&\"undefined\"!=typeof a.propertyIsEnumerable&&!a.propertyIsEnumerable(\"splice\"))return\"array\";if(\"[object Function]\"==c||\"undefined\"!=typeof a.call&&\"undefined\"!=typeof a.propertyIsEnumerable&&!a.propertyIsEnumerable(\"call\"))return\"function\"}else return\"null\";else if(\"function\"==\nb&&\"undefined\"==typeof a.call)return\"object\";return b}function ca(a,b){function c(){}c.prototype=b.prototype;a.prototype=new c;a.prototype.constructor=a};var da=Array.prototype.indexOf?function(a,b){return Array.prototype.indexOf.call(a,b,void 0)}:function(a,b){if(\"string\"===typeof a)return\"string\"!==typeof b||1!=b.length?-1:a.indexOf(b,0);for(var c=0;c\u003Ca.length;c++)if(c in a&&a[c]===b)return c;return-1},ea=Array.prototype.some?function(a,b){return Array.prototype.some.call(a,b,void 0)}:function(a,b){for(var c=a.length,e=\"string\"===typeof a?a.split(\"\"):a,d=0;d\u003Cc;d++)if(d in e&&b.call(void 0,e[d],d,a))return!0;return!1},fa=Array.prototype.every?function(a,\nb){return Array.prototype.every.call(a,b,void 0)}:function(a,b){for(var c=a.length,e=\"string\"===typeof a?a.split(\"\"):a,d=0;d\u003Cc;d++)if(d in e&&!b.call(void 0,e[d],d,a))return!1;return!0};var ha={aliceblue:\"#f0f8ff\",antiquewhite:\"#faebd7\",aqua:\"#00ffff\",aquamarine:\"#7fffd4\",azure:\"#f0ffff\",beige:\"#f5f5dc\",bisque:\"#ffe4c4\",black:\"#000000\",blanchedalmond:\"#ffebcd\",blue:\"#0000ff\",blueviolet:\"#8a2be2\",brown:\"#a52a2a\",burlywood:\"#deb887\",cadetblue:\"#5f9ea0\",chartreuse:\"#7fff00\",chocolate:\"#d2691e\",coral:\"#ff7f50\",cornflowerblue:\"#6495ed\",cornsilk:\"#fff8dc\",crimson:\"#dc143c\",cyan:\"#00ffff\",darkblue:\"#00008b\",darkcyan:\"#008b8b\",darkgoldenrod:\"#b8860b\",darkgray:\"#a9a9a9\",darkgreen:\"#006400\",\ndarkgrey:\"#a9a9a9\",darkkhaki:\"#bdb76b\",darkmagenta:\"#8b008b\",darkolivegreen:\"#556b2f\",darkorange:\"#ff8c00\",darkorchid:\"#9932cc\",darkred:\"#8b0000\",darksalmon:\"#e9967a\",darkseagreen:\"#8fbc8f\",darkslateblue:\"#483d8b\",darkslategray:\"#2f4f4f\",darkslategrey:\"#2f4f4f\",darkturquoise:\"#00ced1\",darkviolet:\"#9400d3\",deeppink:\"#ff1493\",deepskyblue:\"#00bfff\",dimgray:\"#696969\",dimgrey:\"#696969\",dodgerblue:\"#1e90ff\",firebrick:\"#b22222\",floralwhite:\"#fffaf0\",forestgreen:\"#228b22\",fuchsia:\"#ff00ff\",gainsboro:\"#dcdcdc\",\nghostwhite:\"#f8f8ff\",gold:\"#ffd700\",goldenrod:\"#daa520\",gray:\"#808080\",green:\"#008000\",greenyellow:\"#adff2f\",grey:\"#808080\",honeydew:\"#f0fff0\",hotpink:\"#ff69b4\",indianred:\"#cd5c5c\",indigo:\"#4b0082\",ivory:\"#fffff0\",khaki:\"#f0e68c\",lavender:\"#e6e6fa\",lavenderblush:\"#fff0f5\",lawngreen:\"#7cfc00\",lemonchiffon:\"#fffacd\",lightblue:\"#add8e6\",lightcoral:\"#f08080\",lightcyan:\"#e0ffff\",lightgoldenrodyellow:\"#fafad2\",lightgray:\"#d3d3d3\",lightgreen:\"#90ee90\",lightgrey:\"#d3d3d3\",lightpink:\"#ffb6c1\",lightsalmon:\"#ffa07a\",\nlightseagreen:\"#20b2aa\",lightskyblue:\"#87cefa\",lightslategray:\"#778899\",lightslategrey:\"#778899\",lightsteelblue:\"#b0c4de\",lightyellow:\"#ffffe0\",lime:\"#00ff00\",limegreen:\"#32cd32\",linen:\"#faf0e6\",magenta:\"#ff00ff\",maroon:\"#800000\",mediumaquamarine:\"#66cdaa\",mediumblue:\"#0000cd\",mediumorchid:\"#ba55d3\",mediumpurple:\"#9370db\",mediumseagreen:\"#3cb371\",mediumslateblue:\"#7b68ee\",mediumspringgreen:\"#00fa9a\",mediumturquoise:\"#48d1cc\",mediumvioletred:\"#c71585\",midnightblue:\"#191970\",mintcream:\"#f5fffa\",mistyrose:\"#ffe4e1\",\nmoccasin:\"#ffe4b5\",navajowhite:\"#ffdead\",navy:\"#000080\",oldlace:\"#fdf5e6\",olive:\"#808000\",olivedrab:\"#6b8e23\",orange:\"#ffa500\",orangered:\"#ff4500\",orchid:\"#da70d6\",palegoldenrod:\"#eee8aa\",palegreen:\"#98fb98\",paleturquoise:\"#afeeee\",palevioletred:\"#db7093\",papayawhip:\"#ffefd5\",peachpuff:\"#ffdab9\",peru:\"#cd853f\",pink:\"#ffc0cb\",plum:\"#dda0dd\",powderblue:\"#b0e0e6\",purple:\"#800080\",red:\"#ff0000\",rosybrown:\"#bc8f8f\",royalblue:\"#4169e1\",saddlebrown:\"#8b4513\",salmon:\"#fa8072\",sandybrown:\"#f4a460\",seagreen:\"#2e8b57\",\nseashell:\"#fff5ee\",sienna:\"#a0522d\",silver:\"#c0c0c0\",skyblue:\"#87ceeb\",slateblue:\"#6a5acd\",slategray:\"#708090\",slategrey:\"#708090\",snow:\"#fffafa\",springgreen:\"#00ff7f\",steelblue:\"#4682b4\",tan:\"#d2b48c\",teal:\"#008080\",thistle:\"#d8bfd8\",tomato:\"#ff6347\",turquoise:\"#40e0d0\",violet:\"#ee82ee\",wheat:\"#f5deb3\",white:\"#ffffff\",whitesmoke:\"#f5f5f5\",yellow:\"#ffff00\",yellowgreen:\"#9acd32\"};var ia=\"backgroundColor borderTopColor borderRightColor borderBottomColor borderLeftColor color outlineColor\".split(\" \"),ja=/#([0-9a-fA-F])([0-9a-fA-F])([0-9a-fA-F])/,ka=/^#(?:[0-9a-f]{3}){1,2}$/i,la=/^(?:rgba)?\\((\\d{1,3}),\\s?(\\d{1,3}),\\s?(\\d{1,3}),\\s?(0|1|0\\.\\d*)\\)$/i,ma=/^(?:rgb)?\\((0|[1-9]\\d{0,2}),\\s?(0|[1-9]\\d{0,2}),\\s?(0|[1-9]\\d{0,2})\\)$/i;function m(a,b){this.code=a;this.a=p[a]||r;this.message=b||\"\";a=this.a.replace(/((?:^|\\s+)[a-z])/g,function(c){return c.toUpperCase().replace(/^[\\s\\xa0]+/g,\"\")});b=a.length-5;if(0>b||a.indexOf(\"Error\",b)!=b)a+=\"Error\";this.name=a;a=Error(this.message);a.name=this.name;this.stack=a.stack||\"\"}ca(m,Error);var r=\"unknown error\",p={15:\"element not selectable\",11:\"element not visible\"};p[31]=r;p[30]=r;p[24]=\"invalid cookie domain\";p[29]=\"invalid element coordinates\";p[12]=\"invalid element state\";\np[32]=\"invalid selector\";p[51]=\"invalid selector\";p[52]=\"invalid selector\";p[17]=\"javascript error\";p[405]=\"unsupported operation\";p[34]=\"move target out of bounds\";p[27]=\"no such alert\";p[7]=\"no such element\";p[8]=\"no such frame\";p[23]=\"no such window\";p[28]=\"script timeout\";p[33]=\"session not created\";p[10]=\"stale element reference\";p[21]=\"timeout\";p[25]=\"unable to set cookie\";p[26]=\"unexpected alert open\";p[13]=r;p[9]=\"unknown command\";var u=String.prototype.trim?function(a){return a.trim()}:function(a){return/^[\\s\\xa0]*([\\s\\S]*?)[\\s\\xa0]*$/.exec(a)[1]};\nfunction na(a,b){var c=0;a=u(String(a)).split(\".\");b=u(String(b)).split(\".\");for(var e=Math.max(a.length,b.length),d=0;0==c&&d\u003Ce;d++){var f=a[d]||\"\",h=b[d]||\"\";do{f=/(\\d*)(\\D*)(.*)/.exec(f)||[\"\",\"\",\"\",\"\"];h=/(\\d*)(\\D*)(.*)/.exec(h)||[\"\",\"\",\"\",\"\"];if(0==f[0].length&&0==h[0].length)break;c=v(0==f[1].length?0:parseInt(f[1],10),0==h[1].length?0:parseInt(h[1],10))||v(0==f[2].length,0==h[2].length)||v(f[2],h[2]);f=f[3];h=h[3]}while(0==c)}return c}function v(a,b){return a\u003Cb?-1:a>b?1:0};var w;a:{var oa=g.navigator;if(oa){var sa=oa.userAgent;if(sa){w=sa;break a}}w=\"\"}function x(a){return-1!=w.indexOf(a)};function y(){return x(\"Firefox\")||x(\"FxiOS\")}function A(){return(x(\"Chrome\")||x(\"CriOS\"))&&!x(\"Edge\")};function ta(a){return String(a).replace(/\\-([a-z])/g,function(b,c){return c.toUpperCase()})};function B(){return x(\"iPhone\")&&!x(\"iPod\")&&!x(\"iPad\")};function ua(a,b){var c=va;return Object.prototype.hasOwnProperty.call(c,a)?c[a]:c[a]=b(a)};var wa=x(\"Opera\"),C=x(\"Trident\")||x(\"MSIE\"),xa=x(\"Edge\"),ya=x(\"Gecko\")&&!(-1!=w.toLowerCase().indexOf(\"webkit\")&&!x(\"Edge\"))&&!(x(\"Trident\")||x(\"MSIE\"))&&!x(\"Edge\"),za=-1!=w.toLowerCase().indexOf(\"webkit\")&&!x(\"Edge\");function Aa(){var a=g.document;return a?a.documentMode:void 0}var E;\na:{var F=\"\",G=function(){var a=w;if(ya)return/rv:([^\\);]+)(\\)|;)/.exec(a);if(xa)return/Edge\\/([\\d\\.]+)/.exec(a);if(C)return/\\b(?:MSIE|rv)[: ]([^\\);]+)(\\)|;)/.exec(a);if(za)return/WebKit\\/(\\S+)/.exec(a);if(wa)return/(?:Version)[ \\/]?(\\S+)/.exec(a)}();G&&(F=G?G[1]:\"\");if(C){var H=Aa();if(null!=H&&H>parseFloat(F)){E=String(H);break a}}E=F}var va={};function Ba(a){return ua(a,function(){return 0\u003C=na(E,a)})}var I;I=g.document&&C?Aa():void 0;var Ca=y(),Da=B()||x(\"iPod\"),Ea=x(\"iPad\"),Fa=x(\"Android\")&&!(A()||y()||x(\"Opera\")||x(\"Silk\")),Ga=A(),Ha=x(\"Safari\")&&!(A()||x(\"Coast\")||x(\"Opera\")||x(\"Edge\")||x(\"Edg/\")||x(\"OPR\")||y()||x(\"Silk\")||x(\"Android\"))&&!(B()||x(\"iPad\")||x(\"iPod\"));function J(a){return(a=a.exec(w))?a[1]:\"\"}(function(){if(Ca)return J(/Firefox\\/([0-9.]+)/);if(C||xa||wa)return E;if(Ga)return B()||x(\"iPad\")||x(\"iPod\")?J(/CriOS\\/([0-9.]+)/):J(/Chrome\\/([0-9.]+)/);if(Ha&&!(B()||x(\"iPad\")||x(\"iPod\")))return J(/Version\\/([0-9.]+)/);if(Da||Ea){var a=/Version\\/(\\S+).*Mobile\\/(\\S+)/.exec(w);if(a)return a[1]+\".\"+a[2]}else if(Fa)return(a=J(/Android\\s+([0-9.]+)/))?a:J(/Version\\/([0-9.]+)/);return\"\"})();var K;if(K=C)K=!(9\u003C=Number(I));var Ia=K;function L(a,b){this.x=void 0!==a?a:0;this.y=void 0!==b?b:0}L.prototype.ceil=function(){this.x=Math.ceil(this.x);this.y=Math.ceil(this.y);return this};L.prototype.floor=function(){this.x=Math.floor(this.x);this.y=Math.floor(this.y);return this};L.prototype.round=function(){this.x=Math.round(this.x);this.y=Math.round(this.y);return this};function M(a,b){this.width=a;this.height=b}M.prototype.aspectRatio=function(){return this.width/this.height};M.prototype.ceil=function(){this.width=Math.ceil(this.width);this.height=Math.ceil(this.height);return this};M.prototype.floor=function(){this.width=Math.floor(this.width);this.height=Math.floor(this.height);return this};M.prototype.round=function(){this.width=Math.round(this.width);this.height=Math.round(this.height);return this};function N(a){return 9==a.nodeType?a:a.ownerDocument||a.document}function Ja(a,b){a&&(a=a.parentNode);for(var c=0;a;){if(b(a))return a;a=a.parentNode;c++}return null}function Ka(a){this.a=a||g.document||document};function P(a,b){b&&\"string\"!==typeof b&&(b=b.toString());return!!a&&1==a.nodeType&&(!b||a.tagName.toUpperCase()==b)};function Q(a,b,c,e){this.f=a;this.a=b;this.b=c;this.c=e}Q.prototype.ceil=function(){this.f=Math.ceil(this.f);this.a=Math.ceil(this.a);this.b=Math.ceil(this.b);this.c=Math.ceil(this.c);return this};Q.prototype.floor=function(){this.f=Math.floor(this.f);this.a=Math.floor(this.a);this.b=Math.floor(this.b);this.c=Math.floor(this.c);return this};Q.prototype.round=function(){this.f=Math.round(this.f);this.a=Math.round(this.a);this.b=Math.round(this.b);this.c=Math.round(this.c);return this};function R(a,b,c,e){this.a=a;this.b=b;this.width=c;this.height=e}R.prototype.ceil=function(){this.a=Math.ceil(this.a);this.b=Math.ceil(this.b);this.width=Math.ceil(this.width);this.height=Math.ceil(this.height);return this};R.prototype.floor=function(){this.a=Math.floor(this.a);this.b=Math.floor(this.b);this.width=Math.floor(this.width);this.height=Math.floor(this.height);return this};\nR.prototype.round=function(){this.a=Math.round(this.a);this.b=Math.round(this.b);this.width=Math.round(this.width);this.height=Math.round(this.height);return this};var La=\"function\"===typeof ShadowRoot;function S(a){for(a=a.parentNode;a&&1!=a.nodeType&&9!=a.nodeType&&11!=a.nodeType;)a=a.parentNode;return P(a)?a:null}\nfunction T(a,b){b=ta(b);if(\"float\"==b||\"cssFloat\"==b||\"styleFloat\"==b)b=Ia?\"styleFloat\":\"cssFloat\";a:{var c=b;var e=N(a);if(e.defaultView&&e.defaultView.getComputedStyle&&(e=e.defaultView.getComputedStyle(a,null))){c=e[c]||e.getPropertyValue(c)||\"\";break a}c=\"\"}a=c||Ma(a,b);if(null===a)a=null;else if(0\u003C=da(ia,b)){b:{var d=a.match(la);if(d&&(b=Number(d[1]),c=Number(d[2]),e=Number(d[3]),d=Number(d[4]),0\u003C=b&&255>=b&&0\u003C=c&&255>=c&&0\u003C=e&&255>=e&&0\u003C=d&&1>=d)){b=[b,c,e,d];break b}b=null}if(!b)b:{if(e=a.match(ma))if(b=\nNumber(e[1]),c=Number(e[2]),e=Number(e[3]),0\u003C=b&&255>=b&&0\u003C=c&&255>=c&&0\u003C=e&&255>=e){b=[b,c,e,1];break b}b=null}if(!b)b:{b=a.toLowerCase();c=ha[b.toLowerCase()];if(!c&&(c=\"#\"==b.charAt(0)?b:\"#\"+b,4==c.length&&(c=c.replace(ja,\"#$1$1$2$2$3$3\")),!ka.test(c))){b=null;break b}b=[parseInt(c.substr(1,2),16),parseInt(c.substr(3,2),16),parseInt(c.substr(5,2),16),1]}a=b?\"rgba(\"+b.join(\", \")+\")\":a}return a}\nfunction Ma(a,b){var c=a.currentStyle||a.style,e=c[b];void 0===e&&\"function\"==aa(c.getPropertyValue)&&(e=c.getPropertyValue(b));return\"inherit\"!=e?void 0!==e?e:null:(a=S(a))?Ma(a,b):null}\nfunction U(a,b,c){function e(h){var n=V(h);return 0\u003Cn.height&&0\u003Cn.width?!0:P(h,\"PATH\")&&(0\u003Cn.height||0\u003Cn.width)?(h=T(h,\"stroke-width\"),!!h&&0\u003CparseInt(h,10)):\"hidden\"!=T(h,\"overflow\")&&ea(h.childNodes,function(D){return 3==D.nodeType||P(D)&&e(D)})}function d(h){return Na(h)==W&&fa(h.childNodes,function(n){return!P(n)||d(n)||!e(n)})}if(!P(a))throw Error(\"Argument to isShown must be of type Element\");if(P(a,\"BODY\"))return!0;if(P(a,\"OPTION\")||P(a,\"OPTGROUP\"))return a=Ja(a,function(h){return P(h,\"SELECT\")}),\n!!a&&U(a,!0,c);var f=Oa(a);if(f)return!!f.image&&0\u003Cf.rect.width&&0\u003Cf.rect.height&&U(f.image,b,c);if(P(a,\"INPUT\")&&\"hidden\"==a.type.toLowerCase()||P(a,\"NOSCRIPT\"))return!1;f=T(a,\"visibility\");return\"collapse\"!=f&&\"hidden\"!=f&&c(a)&&(b||0!=Pa(a))&&e(a)?!d(a):!1}var W=\"hidden\";\nfunction Na(a){function b(k){function l(ba){if(ba==h)return!0;var pa=T(ba,\"display\");return 0==pa.lastIndexOf(\"inline\",0)||\"contents\"==pa||\"absolute\"==qa&&\"static\"==T(ba,\"position\")?!1:!0}var qa=T(k,\"position\");if(\"fixed\"==qa)return ra=!0,k==h?null:h;for(k=S(k);k&&!l(k);)k=S(k);return k}function c(k){var l=k;if(\"visible\"==D)if(k==h&&n)l=n;else if(k==n)return{x:\"visible\",y:\"visible\"};l={x:T(l,\"overflow-x\"),y:T(l,\"overflow-y\")};k==h&&(l.x=\"visible\"==l.x?\"auto\":l.x,l.y=\"visible\"==l.y?\"auto\":l.y);return l}\nfunction e(k){if(k==h){var l=(new Ka(f)).a;k=l.scrollingElement?l.scrollingElement:za||\"CSS1Compat\"!=l.compatMode?l.body||l.documentElement:l.documentElement;l=l.parentWindow||l.defaultView;k=C&&Ba(\"10\")&&l.pageYOffset!=k.scrollTop?new L(k.scrollLeft,k.scrollTop):new L(l.pageXOffset||k.scrollLeft,l.pageYOffset||k.scrollTop)}else k=new L(k.scrollLeft,k.scrollTop);return k}var d=Qa(a),f=N(a),h=f.documentElement,n=f.body,D=T(h,\"overflow\"),ra;for(a=b(a);a;a=b(a)){var q=c(a);if(\"visible\"!=q.x||\"visible\"!=\nq.y){var t=V(a);if(0==t.width||0==t.height)return W;var z=d.a\u003Ct.a,O=d.b\u003Ct.b;if(z&&\"hidden\"==q.x||O&&\"hidden\"==q.y)return W;if(z&&\"visible\"!=q.x||O&&\"visible\"!=q.y){z=e(a);O=d.b\u003Ct.b-z.y;if(d.a\u003Ct.a-z.x&&\"visible\"!=q.x||O&&\"visible\"!=q.x)return W;d=Na(a);return d==W?W:\"scroll\"}z=d.c>=t.a+t.width;t=d.f>=t.b+t.height;if(z&&\"hidden\"==q.x||t&&\"hidden\"==q.y)return W;if(z&&\"visible\"!=q.x||t&&\"visible\"!=q.y){if(ra&&(q=e(a),d.c>=h.scrollWidth-q.x||d.a>=h.scrollHeight-q.y))return W;d=Na(a);return d==W?W:\"scroll\"}}}return\"none\"}\nfunction V(a){var b=Oa(a);if(b)return b.rect;if(P(a,\"HTML\"))return a=N(a),a=((a?a.parentWindow||a.defaultView:window)||window).document,a=\"CSS1Compat\"==a.compatMode?a.documentElement:a.body,a=new M(a.clientWidth,a.clientHeight),new R(0,0,a.width,a.height);try{var c=a.getBoundingClientRect()}catch(e){return new R(0,0,0,0)}b=new R(c.left,c.top,c.right-c.left,c.bottom-c.top);C&&a.ownerDocument.body&&(a=N(a),b.a-=a.documentElement.clientLeft+a.body.clientLeft,b.b-=a.documentElement.clientTop+a.body.clientTop);\nreturn b}\nfunction Oa(a){var b=P(a,\"MAP\");if(!b&&!P(a,\"AREA\"))return null;var c=b?a:P(a.parentNode,\"MAP\")?a.parentNode:null,e=null,d=null;if(c&&c.name){e='*[usemap=\"#'+c.name+'\"]';c=N(c);var f;if(f=\"function\"!=aa(c.querySelector)&&C&&(C?0\u003C=na(I,8):Ba(8))){f=c.querySelector;var h=typeof f;f=!(\"object\"==h&&null!=f||\"function\"==h)}if(f)throw Error(\"CSS selection is not supported\");if(!e)throw new m(32,\"No selector specified\");e=u(e);try{var n=c.querySelector(e)}catch(D){throw new m(32,\"An invalid or illegal selector was specified\");}if(e=\nn&&1==n.nodeType?n:null)d=V(e),b||\"default\"==a.shape.toLowerCase()||(a=Ra(a),b=Math.min(Math.max(a.a,0),d.width),n=Math.min(Math.max(a.b,0),d.height),d=new R(b+d.a,n+d.b,Math.min(a.width,d.width-b),Math.min(a.height,d.height-n)))}return{image:e,rect:d||new R(0,0,0,0)}}\nfunction Ra(a){var b=a.shape.toLowerCase();a=a.coords.split(\",\");if(\"rect\"==b&&4==a.length){b=a[0];var c=a[1];return new R(b,c,a[2]-b,a[3]-c)}if(\"circle\"==b&&3==a.length)return b=a[2],new R(a[0]-b,a[1]-b,2*b,2*b);if(\"poly\"==b&&2\u003Ca.length){b=a[0];c=a[1];for(var e=b,d=c,f=2;f+1\u003Ca.length;f+=2)b=Math.min(b,a[f]),e=Math.max(e,a[f]),c=Math.min(c,a[f+1]),d=Math.max(d,a[f+1]);return new R(b,c,e-b,d-c)}return new R(0,0,0,0)}function Qa(a){a=V(a);return new Q(a.b,a.a+a.width,a.b+a.height,a.a)}\nfunction Pa(a){if(Ia){if(\"relative\"==T(a,\"position\"))return 1;a=T(a,\"filter\");return(a=a.match(/^alpha\\(opacity=(\\d*)\\)/)||a.match(/^progid:DXImageTransform.Microsoft.Alpha\\(Opacity=(\\d*)\\)/))?Number(a[1])/100:1}return Sa(a)}function Sa(a){var b=1,c=T(a,\"opacity\");c&&(b=Number(c));(a=S(a))&&(b*=Sa(a));return b};function Ta(a,b){function c(e){if(P(e)&&\"none\"==T(e,\"display\"))return!1;var d;if((d=e.parentNode)&&d.shadowRoot&&void 0!==e.assignedSlot)d=e.assignedSlot?e.assignedSlot.parentNode:null;else if(e.getDestinationInsertionPoints){var f=e.getDestinationInsertionPoints();0\u003Cf.length&&(d=f[f.length-1])}if(La&&d instanceof ShadowRoot){if(d.host.shadowRoot&&d.host.shadowRoot!==d)return!1;d=d.host}return!d||9!=d.nodeType&&11!=d.nodeType?d&&P(d,\"DETAILS\")&&!d.open&&!P(e,\"SUMMARY\")?!1:!!d&&c(d):!0}return U(a,\n!!b,c)}var X=[\"_\"],Y=g;X[0]in Y||\"undefined\"==typeof Y.execScript||Y.execScript(\"var \"+X[0]);for(var Z;X.length&&(Z=X.shift());)X.length||void 0===Ta?Y[Z]&&Y[Z]!==Object.prototype[Z]?Y=Y[Z]:Y=Y[Z]={}:Y[Z]=Ta;; return this._.apply(null,arguments);}).apply({navigator:typeof window!='undefined'?window.navigator:null,document:typeof window!='undefined'?window.document:null}, arguments);}\n).apply(null, arguments);"
}
[1740855282.628][INFO]: Waiting for pending navigations...
[1740855282.634][INFO]: Done waiting for pending navigations. Status: ok
[1740855282.642][INFO]: Waiting for pending navigations...
[1740855282.643][INFO]: Done waiting for pending navigations. Status: ok
[1740855282.643][INFO]: [e820907482ca7ee84a59485d877581ab] RESPONSE ExecuteScript true
[1740855282.645][INFO]: [e820907482ca7ee84a59485d877581ab] COMMAND ClickElement {
   "id": "f.C6E1BA738B99F7934109FCD2DAEDF339.d.595AB4910F4658D44497C2E3ABF70FF7.e.261"
}
[1740855282.645][INFO]: Waiting for pending navigations...
[1740855282.645][INFO]: Done waiting for pending navigations. Status: ok
[1740855282.695][INFO]: Waiting for pending navigations...
[1740855282.704][INFO]: Done waiting for pending navigations. Status: ok
[1740855282.704][INFO]: [e820907482ca7ee84a59485d877581ab] RESPONSE ClickElement
[1740855285.719][INFO]: [e820907482ca7ee84a59485d877581ab] COMMAND FindElement {
   "using": "xpath",
   "value": "(//div[@id='title-text'])[2]/span"
}
[1740855285.719][INFO]: Waiting for pending navigations...
[1740855285.894][INFO]: Done waiting for pending navigations. Status: ok
[1740855286.023][INFO]: Waiting for pending navigations...
[1740855286.039][INFO]: Done waiting for pending navigations. Status: ok
[1740855286.039][INFO]: [e820907482ca7ee84a59485d877581ab] RESPONSE FindElement {
   "element-6066-11e4-a52e-4f735466cecf": "f.C6E1BA738B99F7934109FCD2DAEDF339.d.595AB4910F4658D44497C2E3ABF70FF7.e.290"
}
[1740855286.042][INFO]: [e820907482ca7ee84a59485d877581ab] COMMAND GetElementText {
   "id": "f.C6E1BA738B99F7934109FCD2DAEDF339.d.595AB4910F4658D44497C2E3ABF70FF7.e.290"
}
[1740855286.042][INFO]: Waiting for pending navigations...
[1740855286.055][INFO]: Done waiting for pending navigations. Status: ok
[1740855286.128][INFO]: Waiting for pending navigations...
[1740855286.144][INFO]: Done waiting for pending navigations. Status: ok
[1740855286.144][INFO]: [e820907482ca7ee84a59485d877581ab] RESPONSE GetElementText "Latest news posts"
[1740855286.147][INFO]: [e820907482ca7ee84a59485d877581ab] COMMAND FindElements {
   "using": "xpath",
   "value": "(//span[text()='Latest news posts']/ancestor::ytd-rich-shelf-renderer//div[@id='header'])[1]"
}
[1740855286.148][INFO]: Waiting for pending navigations...
[1740855286.169][INFO]: Done waiting for pending navigations. Status: ok
[1740855286.225][INFO]: Waiting for pending navigations...
[1740855286.230][INFO]: Done waiting for pending navigations. Status: ok
[1740855286.230][INFO]: [e820907482ca7ee84a59485d877581ab] RESPONSE FindElements [ {
   "element-6066-11e4-a52e-4f735466cecf": "f.C6E1BA738B99F7934109FCD2DAEDF339.d.595AB4910F4658D44497C2E3ABF70FF7.e.294"
} ]
[1740855286.232][INFO]: [e820907482ca7ee84a59485d877581ab] COMMAND FindElements {
   "using": "xpath",
   "value": "(//span[text()='Latest news posts']/ancestor::ytd-rich-shelf-renderer//div[@id='body'])[1]"
}
[1740855286.233][INFO]: Waiting for pending navigations...
[1740855286.240][INFO]: Done waiting for pending navigations. Status: ok
[1740855286.280][INFO]: Waiting for pending navigations...
[1740855286.287][INFO]: Done waiting for pending navigations. Status: ok
[1740855286.287][INFO]: [e820907482ca7ee84a59485d877581ab] RESPONSE FindElements [ {
   "element-6066-11e4-a52e-4f735466cecf": "f.C6E1BA738B99F7934109FCD2DAEDF339.d.595AB4910F4658D44497C2E3ABF70FF7.e.295"
} ]
[1740855286.289][INFO]: [e820907482ca7ee84a59485d877581ab] COMMAND FindElements {
   "using": "xpath",
   "value": "(//span[text()='Latest news posts']/ancestor::ytd-rich-shelf-renderer//span[@id='vote-count-middle'])[1]"
}
[1740855286.289][INFO]: Waiting for pending navigations...
[1740855286.290][INFO]: Done waiting for pending navigations. Status: ok
[1740855286.306][INFO]: Waiting for pending navigations...
[1740855286.314][INFO]: Done waiting for pending navigations. Status: ok
[1740855286.314][INFO]: [e820907482ca7ee84a59485d877581ab] RESPONSE FindElements [ {
   "element-6066-11e4-a52e-4f735466cecf": "f.C6E1BA738B99F7934109FCD2DAEDF339.d.595AB4910F4658D44497C2E3ABF70FF7.e.296"
} ]
[1740855286.316][INFO]: [e820907482ca7ee84a59485d877581ab] COMMAND GetElementText {
   "id": "f.C6E1BA738B99F7934109FCD2DAEDF339.d.595AB4910F4658D44497C2E3ABF70FF7.e.294"
}
[1740855286.316][INFO]: Waiting for pending navigations...
[1740855286.318][INFO]: Done waiting for pending navigations. Status: ok
[1740855286.337][INFO]: Waiting for pending navigations...
[1740855286.348][INFO]: Done waiting for pending navigations. Status: ok
[1740855286.348][INFO]: [e820907482ca7ee84a59485d877581ab] RESPONSE GetElementText "Janam TV\n\n6 minutes ago"
[1740855286.350][INFO]: [e820907482ca7ee84a59485d877581ab] COMMAND GetElementText {
   "id": "f.C6E1BA738B99F7934109FCD2DAEDF339.d.595AB4910F4658D44497C2E3ABF70FF7.e.295"
}
[1740855286.350][INFO]: Waiting for pending navigations...
[1740855286.351][INFO]: Done waiting for pending navigations. Status: ok
[1740855286.361][INFO]: Waiting for pending navigations...
[1740855286.365][INFO]: Done waiting for pending navigations. Status: ok
[1740855286.365][INFO]: [e820907482ca7ee84a59485d877581ab] RESPONSE GetElementText "     4  ..."
[1740855286.366][INFO]: [e820907482ca7ee84a59485d877581ab] COMMAND GetElementText {
   "id": "f.C6E1BA738B99F7934109FCD2DAEDF339.d.595AB4910F4658D44497C2E3ABF70FF7.e.296"
}
[1740855286.366][INFO]: Waiting for pending navigations...
[1740855286.367][INFO]: Done waiting for pending navigations. Status: ok
[1740855286.372][INFO]: Waiting for pending navigations...
[1740855286.379][INFO]: Done waiting for pending navigations. Status: ok
[1740855286.379][INFO]: [e820907482ca7ee84a59485d877581ab] RESPONSE GetElementText "1"
[1740855286.384][INFO]: [e820907482ca7ee84a59485d877581ab] COMMAND FindElements {
   "using": "xpath",
   "value": "(//span[text()='Latest news posts']/ancestor::ytd-rich-shelf-renderer//div[@id='header'])[2]"
}
[1740855286.384][INFO]: Waiting for pending navigations...
[1740855286.385][INFO]: Done waiting for pending navigations. Status: ok
[1740855286.403][INFO]: Waiting for pending navigations...
[1740855286.411][INFO]: Done waiting for pending navigations. Status: ok
[1740855286.411][INFO]: [e820907482ca7ee84a59485d877581ab] RESPONSE FindElements [ {
   "element-6066-11e4-a52e-4f735466cecf": "f.C6E1BA738B99F7934109FCD2DAEDF339.d.595AB4910F4658D44497C2E3ABF70FF7.e.297"
} ]
[1740855286.413][INFO]: [e820907482ca7ee84a59485d877581ab] COMMAND FindElements {
   "using": "xpath",
   "value": "(//span[text()='Latest news posts']/ancestor::ytd-rich-shelf-renderer//div[@id='body'])[2]"
}
[1740855286.413][INFO]: Waiting for pending navigations...
[1740855286.413][INFO]: Done waiting for pending navigations. Status: ok
[1740855286.447][INFO]: Waiting for pending navigations...
[1740855286.449][INFO]: Done waiting for pending navigations. Status: ok
[1740855286.449][INFO]: [e820907482ca7ee84a59485d877581ab] RESPONSE FindElements [ {
   "element-6066-11e4-a52e-4f735466cecf": "f.C6E1BA738B99F7934109FCD2DAEDF339.d.595AB4910F4658D44497C2E3ABF70FF7.e.298"
} ]
[1740855286.451][INFO]: [e820907482ca7ee84a59485d877581ab] COMMAND FindElements {
   "using": "xpath",
   "value": "(//span[text()='Latest news posts']/ancestor::ytd-rich-shelf-renderer//span[@id='vote-count-middle'])[2]"
}
[1740855286.452][INFO]: Waiting for pending navigations...
[1740855286.453][INFO]: Done waiting for pending navigations. Status: ok
[1740855286.474][INFO]: Waiting for pending navigations...
[1740855286.478][INFO]: Done waiting for pending navigations. Status: ok
[1740855286.478][INFO]: [e820907482ca7ee84a59485d877581ab] RESPONSE FindElements [ {
   "element-6066-11e4-a52e-4f735466cecf": "f.C6E1BA738B99F7934109FCD2DAEDF339.d.595AB4910F4658D44497C2E3ABF70FF7.e.299"
} ]
[1740855286.480][INFO]: [e820907482ca7ee84a59485d877581ab] COMMAND GetElementText {
   "id": "f.C6E1BA738B99F7934109FCD2DAEDF339.d.595AB4910F4658D44497C2E3ABF70FF7.e.297"
}
[1740855286.480][INFO]: Waiting for pending navigations...
[1740855286.516][INFO]: Done waiting for pending navigations. Status: ok
[1740855286.540][INFO]: Waiting for pending navigations...
[1740855286.545][INFO]: Done waiting for pending navigations. Status: ok
[1740855286.545][INFO]: [e820907482ca7ee84a59485d877581ab] RESPONSE GetElementText "MediaoneTV Live\n\n1 hour ago"
[1740855286.547][INFO]: [e820907482ca7ee84a59485d877581ab] COMMAND GetElementText {
   "id": "f.C6E1BA738B99F7934109FCD2DAEDF339.d.595AB4910F4658D44497C2E3ABF70FF7.e.298"
}
[1740855286.547][INFO]: Waiting for pending navigations...
[1740855286.547][INFO]: Done waiting for pending navigations. Status: ok
[1740855286.556][INFO]: Waiting for pending navigations...
[1740855286.566][INFO]: Done waiting for pending navigations. Status: ok
[1740855286.566][INFO]: [e820907482ca7ee84a59485d877581ab] RESPONSE GetElementText "      ..."
[1740855286.568][INFO]: [e820907482ca7ee84a59485d877581ab] COMMAND GetElementText {
   "id": "f.C6E1BA738B99F7934109FCD2DAEDF339.d.595AB4910F4658D44497C2E3ABF70FF7.e.299"
}
[1740855286.568][INFO]: Waiting for pending navigations...
[1740855286.568][INFO]: Done waiting for pending navigations. Status: ok
[1740855286.572][INFO]: Waiting for pending navigations...
[1740855286.580][INFO]: Done waiting for pending navigations. Status: ok
[1740855286.580][INFO]: [e820907482ca7ee84a59485d877581ab] RESPONSE GetElementText "84"
[1740855286.583][INFO]: [e820907482ca7ee84a59485d877581ab] COMMAND FindElements {
   "using": "xpath",
   "value": "(//span[text()='Latest news posts']/ancestor::ytd-rich-shelf-renderer//div[@id='header'])[3]"
}
[1740855286.583][INFO]: Waiting for pending navigations...
[1740855286.587][INFO]: Done waiting for pending navigations. Status: ok
[1740855286.624][INFO]: Waiting for pending navigations...
[1740855286.635][INFO]: Done waiting for pending navigations. Status: ok
[1740855286.635][INFO]: [e820907482ca7ee84a59485d877581ab] RESPONSE FindElements [ {
   "element-6066-11e4-a52e-4f735466cecf": "f.C6E1BA738B99F7934109FCD2DAEDF339.d.595AB4910F4658D44497C2E3ABF70FF7.e.300"
} ]
[1740855286.637][INFO]: [e820907482ca7ee84a59485d877581ab] COMMAND FindElements {
   "using": "xpath",
   "value": "(//span[text()='Latest news posts']/ancestor::ytd-rich-shelf-renderer//div[@id='body'])[3]"
}
[1740855286.637][INFO]: Waiting for pending navigations...
[1740855286.643][INFO]: Done waiting for pending navigations. Status: ok
[1740855286.668][INFO]: Waiting for pending navigations...
[1740855286.701][INFO]: Done waiting for pending navigations. Status: ok
[1740855286.701][INFO]: [e820907482ca7ee84a59485d877581ab] RESPONSE FindElements [ {
   "element-6066-11e4-a52e-4f735466cecf": "f.C6E1BA738B99F7934109FCD2DAEDF339.d.595AB4910F4658D44497C2E3ABF70FF7.e.301"
} ]
[1740855286.704][INFO]: [e820907482ca7ee84a59485d877581ab] COMMAND FindElements {
   "using": "xpath",
   "value": "(//span[text()='Latest news posts']/ancestor::ytd-rich-shelf-renderer//span[@id='vote-count-middle'])[3]"
}
[1740855286.704][INFO]: Waiting for pending navigations...
[1740855286.713][INFO]: Done waiting for pending navigations. Status: ok
[1740855286.746][INFO]: Waiting for pending navigations...
[1740855286.782][INFO]: Done waiting for pending navigations. Status: ok
[1740855286.782][INFO]: [e820907482ca7ee84a59485d877581ab] RESPONSE FindElements [ {
   "element-6066-11e4-a52e-4f735466cecf": "f.C6E1BA738B99F7934109FCD2DAEDF339.d.595AB4910F4658D44497C2E3ABF70FF7.e.302"
} ]
[1740855286.785][INFO]: [e820907482ca7ee84a59485d877581ab] COMMAND GetElementText {
   "id": "f.C6E1BA738B99F7934109FCD2DAEDF339.d.595AB4910F4658D44497C2E3ABF70FF7.e.300"
}
[1740855286.785][INFO]: Waiting for pending navigations...
[1740855286.790][INFO]: Done waiting for pending navigations. Status: ok
[1740855286.855][INFO]: Waiting for pending navigations...
[1740855286.863][INFO]: Done waiting for pending navigations. Status: ok
[1740855286.863][INFO]: [e820907482ca7ee84a59485d877581ab] RESPONSE GetElementText "Manorama News\n\n1 hour ago"
[1740855286.865][INFO]: [e820907482ca7ee84a59485d877581ab] COMMAND GetElementText {
   "id": "f.C6E1BA738B99F7934109FCD2DAEDF339.d.595AB4910F4658D44497C2E3ABF70FF7.e.301"
}
[1740855286.865][INFO]: Waiting for pending navigations...
[1740855286.870][INFO]: Done waiting for pending navigations. Status: ok
[1740855286.892][INFO]: Waiting for pending navigations...
[1740855286.892][INFO]: Done waiting for pending navigations. Status: ok
[1740855286.892][INFO]: [e820907482ca7ee84a59485d877581ab] RESPONSE GetElementText "  ;    ..."
[1740855286.894][INFO]: [e820907482ca7ee84a59485d877581ab] COMMAND GetElementText {
   "id": "f.C6E1BA738B99F7934109FCD2DAEDF339.d.595AB4910F4658D44497C2E3ABF70FF7.e.302"
}
[1740855286.894][INFO]: Waiting for pending navigations...
[1740855286.895][INFO]: Done waiting for pending navigations. Status: ok
[1740855286.942][INFO]: Waiting for pending navigations...
[1740855286.943][INFO]: Done waiting for pending navigations. Status: ok
[1740855286.943][INFO]: [e820907482ca7ee84a59485d877581ab] RESPONSE GetElementText "21"
[1740855286.947][INFO]: [e820907482ca7ee84a59485d877581ab] COMMAND CloseWindow {
}
[1740855287.037][INFO]: [e820907482ca7ee84a59485d877581ab] RESPONSE CloseWindow [  ]
